Environment Variables:

ALLUSERSPROFILE=C:\Documents and Settings\All Users
AMPLE_PATH=C:\MentorGraphics\2007EE\SDD_HOME\hssd\analysis\lib\qexp\mgc\userware
APPDATA=C:\Documents and Settings\joes\Application Data
CES_CONTEXT=ExpeditionPCB
CommonProgramFiles=C:\Program Files\Common Files
COMPUTERNAME=FLO-JOES-LT2
ComSpec=C:\WINDOWS\system32\cmd.exe
CURCONFIGNAME=EPCB1
CURDESIGNNAME=DEMO_Layout_Temp
CURPROJNAME=
CURPROJPATH=
CVS_PASSFILE=C:\Program Files\Mentor Graphics\DxWebPack\dxdmweb.cvspassfile
DASH_SHELL_NOTIFY=FALSE
DESIGNER_NOPRIMARYALIAS=1
DISPLAY=:0.0
DRC_SITE_DIR=C:\MentorGraphics\2007EE\SDD_HOME\hssd\quietexpert\drc\standard
DRC_UMR_DIR=C:\MentorGraphics\2007EE\SDD_HOME\hssd\quietexpert\drc\umr
epdarglist=/PrjPath "C:\MGTraining\projects\DEMO\DEMO.prj" /SnapshotName "DEMO_Layout_Temp" /TopBlockName "EPCB1" /Context ExpeditionPCB
FP_NO_HOST_CHECK=NO
FX_HOME=C:\MentorGraphics\2006BSXE\MGC_HOME.ixn\pkgs\flowxpert
FX_SHARED_HOME=C:\MentorGraphics\2006BSXE\MGC_HOME.ixn\shared\pkgs\flowxpert
GW2ODB_DIR=C:\MentorGraphics\Valor\GW20DB
HOME=C:/Homework
HOMEDRIVE=C:
HOMEPATH=\Documents and Settings\joes
LOGONSERVER=\\SVR-FLO-ADC-01
MAN_CHM_INDEX=C:/Nutc/mksnt/tkutil.idx;C:/Nutc/mksnt/tkapi.idx;C:/Nutc/mksnt/tcltk.idx;C:/Nutc/mksnt/tkperl.idx
MAN_TXT_INDEX=C:/Nutc/etc/tkutil.idx;C:/Nutc/etc/tkapi.idx;C:/Nutc/etc/tcltk.idx;C:/Nutc/etc/tkperl.idx
MGC_ENABLE_CES=1
MGC_ENABLE_DE_2005SP3=1
MGC_HOME=C:/MentorGraphics/2007EE/MGC_HOME.ixn
MGC_HOMEBS=C:\MentorGraphics\2007EE\MGC_HOME.ixn
MGC_PCB_FILE_PATH_FOR_ICDB_DESIGN=C:\MGTraining\projects\DEMO\PCB\DEMO.pcb
MGLS_LICENSE_FILE=C:\flexlm\license.dat
NUMBER_OF_PROCESSORS=1
NUTCROOT=C:\Nutc
NUT_ENV_LITERAL=WX_FX_ITC_CONNECTION,PX_API_HANDLE
OrcadFA_Path=C:\MentorGraphics\2005EXP\SDD_HOME\wg\win32\bin
OS=Windows_NT
Path=C:\MentorGraphics\2007EE\SDD_HOME\xe\win32\lib;C:\MentorGraphics\2007EE\SDD_HOME\wg\win32\lib;C:\MentorGraphics\2007EE\SDD_HOME\common\win32\bin;C:\MentorGraphics\2007EE\SDD_HOME\common\win32\lib;C:\Nutc\bin;C:\Nutc\bin\X11;C:\Nutc\mksnt;C:\WINDOWS\system32;C:\WINDOWS;C:\WINDOWS\System32\Wbem;C:\Program Files\ATI Technologies\ATI Control Panel;C:\Program Files\Common Files\Adaptec Shared\System;C:\MENTOR~1\LICENS~1;C:\PROGRA~1\Vision;C:\PROGRA~1\Vision\SYSTEM;C:\PROGRA~1\COMMON~1\Vision;C:\MentorGraphics\2006BSXE\MGC_HOME.ixn\bin;C:\MentorGraphics\2006BSXE\MGC_HOME.ixn\lib;C:/MentorGraphics/2007EE/MGC_HOME.ixn/bin;C:/MentorGraphics/2007EE/MGC_HOME.ixn/lib;C:\MentorGraphics\2007EE\MGC_HOME.ixn\bin;C:\MentorGraphics\2007EE\MGC_HOME.ixn\lib
PATHEXT=.COM;.EXE;.BAT;.CMD;.VBS;.VBE;.JS;.JSE;.WSF;.WSH;.sh;.ksh;.csh;.sed;.awk;.pl
perlinterp=C:\MentorGraphics\2007EE\SDD_HOME\common\win32\perl\bin\mswin32-x86\perl
PROCESSOR_ARCHITECTURE=x86
PROCESSOR_IDENTIFIER=x86 Family 6 Model 13 Stepping 6, GenuineIntel
PROCESSOR_LEVEL=6
PROCESSOR_REVISION=0d06
ProgramFiles=C:\Program Files
PROMPT=$P$G
PX_HOME=C:\MentorGraphics\2006BSXE\MGC_HOME.ixn\pkgs\projxpert
PX_SHARED_HOME=C:\MentorGraphics\2006BSXE\MGC_HOME.ixn\shared\pkgs\projxpert
QUADBIN=C:\MentorGraphics\2007EE\SDD_HOME\hssd\analysis\exec\nt_4
QUADHOME=C:\MentorGraphics\2007EE\SDD_HOME\hssd\analysis
ROOTDIR=C:/Nutc
SDD_CES=ces
SDD_CES_BIN=C:\MentorGraphics\2007EE\SDD_HOME\ces\win32\bin
SDD_COMMON_BIN=C:\MentorGraphics\2007EE\SDD_HOME\common\win32\bin
SDD_DX=dx
SDD_HOME=C:\MentorGraphics\2007EE\SDD_HOME
SDD_HSSD=hssd
SDD_LM=lm
SDD_LM_BIN=C:\MentorGraphics\2007EE\SDD_HOME\lm\win32\bin
SDD_LOCAL=C:\Documents and Settings\All Users\Application Data\mgc\2007EE
SDD_MGC_HOME=..\MGC_HOME.ixn
SDD_PCBIND=pcbind
SDD_PLATFORM=win32
SDD_QE=qe
SDD_RF=rf
SDD_SIM=sim
SDD_START=start
SDD_STARTBAT=start /b /wait
SDD_VERSION=2007EE
SDD_VLPERL_BIN=C:\MentorGraphics\2007EE\SDD_HOME\common\win32\perl\bin\mswin32-x86
SDD_WG=wg
SDD_WV=wv
SDD_XE=xe
SELPROJ=
SESSIONNAME=Console
SHELL=C:/Nutc/mksnt/sh.exe
SystemDrive=C:
SystemRoot=C:\WINDOWS
TEMP=C:\DOCUME~1\joes\LOCALS~1\Temp
TERM=nutc
TERMCAP=C:\Nutc\etc\termcap
TERMINFO=C:\Nutc\usr\lib\terminfo
TMP=C:\DOCUME~1\joes\LOCALS~1\Temp
TMPDIR=C:/DOCUME~1/joes/LOCALS~1/Temp
USERDNSDOMAIN=MGC.MENTORG.COM
USERDOMAIN=MGC
USERNAME=joes
USERPROFILE=C:\Documents and Settings\joes
WDIR=C:\Homework\WDIR;C:\MentorGraphics\2007EE\SDD_HOME\standard
WDIRx1=C:\Homework\wdir;C:\MGTraining_IND\projects\local_config;C:\MGTraining_IND\common\config;C:\MentorGraphics\2005EXP\SDD_HOME\standard
WDIRx2=C:\PADS Projects\;C:\MGTraining\projects\local_config;C:\MGTraining\common\config;C:\MentorGraphics\2007EE\SDD_HOME\standard
WF_CLASSPATH=C:\MentorGraphics\2007EE\SDD_HOME\common\win32\lib
windir=C:\WINDOWS
XB_HOME=C:\MentorGraphics\2006BSXE\MGC_HOME.ixn\pkgs\xpertbldr
XB_SHARED_HOME=C:\MentorGraphics\2006BSXE\MGC_HOME.ixn\shared\pkgs\xpertbldr
