--------------------------------------------------------------------------------
 Project integration - START (2008-01-21 13:54:03) 
--------------------------------------------------------------------------------
FE snapshot name: DxD
BE snapshot name: DEMO_layout_temp
Top level block: (2-2-5)
Parameters: BAConnectivity,BAConstraints,BEWin,
--------------------------------------------------------------------------------
--------------------------------------------------------------------------------
 Connection synchronization - START (2008-01-21 13:54:03) 
--------------------------------------------------------------------------------
[Ok][Modify] - FlatComp,,(0-0-0),74als240_ansi.1,(256-1-8)
[Ok][Modify] - FlatComp,,(0-0-0),74als240_ansi.1,(256-3-8)
--------------------------------------------------------------------------------
 Connection synchronization - END (2008-01-21 13:54:03) 
--------------------------------------------------------------------------------
--------------------------------------------------------------------------------
 CES synchronization - START (2008-01-21 13:54:03) 
--------------------------------------------------------------------------------
[Ok][Modify] - CesComp,,(0-0-0),,(259-1-51)
[Ok][Modify] - CesConstraint,,(226-1-23),PNET_CLEARANCES,(228-6-22)
[Ok][Modify] - CesConstraint,,(226-1-23),PNET_UBORDERS,(228-7-22)
[Ok][Modify] - CesConstraint,,(218-6-23),PLANE_NETS,(228-2-22)
[Ok][Modify] - CesConstraint,,(218-6-23),PNET_CLEARANCES,(228-3-22)
[Ok][Modify] - CesConstraint,,(218-6-23),PNET_UBORDERS,(228-4-22)
[Ok][Modify] - CesConstraint,,(226-1-23),PLANE_NETS,(228-5-22)
--------------------------------------------------------------------------------
 CES synchronization - END (2008-01-21 13:54:03) 
--------------------------------------------------------------------------------
--------------------------------------------------------------------------------
 Project integration - END (2008-01-21 13:54:03) 
--------------------------------------------------------------------------------
