--------------------------------------------------------------------------------
 Project integration - START (2008-01-21 11:06:20) 
--------------------------------------------------------------------------------
FE snapshot name: DxD
BE snapshot name: DEMO_layout_temp
Top level block: (2-2-5)
Parameters: BAConnectivity,BAConstraints,BEWin,
--------------------------------------------------------------------------------
--------------------------------------------------------------------------------
 Connection synchronization - START (2008-01-21 11:06:20) 
--------------------------------------------------------------------------------
--------------------------------------------------------------------------------
 Connection synchronization - END (2008-01-21 11:06:20) 
--------------------------------------------------------------------------------
--------------------------------------------------------------------------------
 CES synchronization - START (2008-01-21 11:06:20) 
--------------------------------------------------------------------------------
[Ok][Add] - CesPartTech,CesDesign,(2-2-21),ABT,(226-1-29)
[Ok][Delete] - CesPartTech,,(0-0-0),,(218-9-29)
[Ok][Add] - CesPartTech,CesDesign,(2-2-21),AC,(226-2-29)
[Ok][Delete] - CesPartTech,,(0-0-0),,(218-10-29)
[Ok][Add] - CesPartTech,CesDesign,(2-2-21),ACT,(226-3-29)
[Ok][Delete] - CesPartTech,,(0-0-0),,(218-11-29)
[Ok][Add] - CesPartTech,CesDesign,(2-2-21),ALS,(226-4-29)
[Ok][Delete] - CesPartTech,,(0-0-0),,(218-12-29)
[Ok][Add] - CesPartTech,CesDesign,(2-2-21),AS,(226-5-29)
[Ok][Delete] - CesPartTech,,(0-0-0),,(218-13-29)
[Ok][Add] - CesPartTech,CesDesign,(2-2-21),C,(226-6-29)
[Ok][Delete] - CesPartTech,,(0-0-0),,(218-14-29)
[Ok][Add] - CesPartTech,CesDesign,(2-2-21),E10E,(226-7-29)
[Ok][Delete] - CesPartTech,,(0-0-0),,(218-15-29)
[Ok][Add] - CesPartTech,CesDesign,(2-2-21),E10H,(226-8-29)
[Ok][Delete] - CesPartTech,,(0-0-0),,(218-16-29)
[Ok][Add] - CesPartTech,CesDesign,(2-2-21),E10K,(226-9-29)
[Ok][Delete] - CesPartTech,,(0-0-0),,(218-17-29)
[Ok][Add] - CesPartTech,CesDesign,(2-2-21),E100E,(226-10-29)
[Ok][Delete] - CesPartTech,,(0-0-0),,(218-18-29)
[Ok][Add] - CesPartTech,CesDesign,(2-2-21),E100K,(226-11-29)
[Ok][Delete] - CesPartTech,,(0-0-0),,(218-19-29)
[Ok][Add] - CesPartTech,CesDesign,(2-2-21),FAST,(226-12-29)
[Ok][Add] - CesPartTech,CesDesign,(2-2-21),FCT,(226-13-29)
[Ok][Add] - CesPartTech,CesDesign,(2-2-21),GTL,(226-14-29)
[Ok][Add] - CesPartTech,CesDesign,(2-2-21),HC,(226-15-29)
[Ok][Add] - CesPartTech,CesDesign,(2-2-21),HCT,(226-16-29)
[Ok][Add] - CesPartTech,CesDesign,(2-2-21),LS,(226-17-29)
[Ok][Add] - CesPartTech,CesDesign,(2-2-21),S,(226-18-29)
[Ok][Add] - CesPartTech,CesDesign,(2-2-21),TTL,(226-19-29)
[Ok][Add] - CesPartTech,CesDesign,(2-2-21),UNDEFINED,(226-20-29)
[Ok][Add] - CesPartTech,CesDesign,(2-2-21),ANALOG,(226-21-29)
[Ok][Modify] - CesLayer,,(0-0-0),,(218-6-23)
[Ok][Modify] - CesLayer,,(0-0-0),,(218-8-23)
[Ok][Modify] - CesLayer,,(0-0-0),,(218-9-23)
[Ok][Add] - CesLayer,CesDesign,(2-2-21),SIGNAL_4,(226-1-23)
[Ok][Add] - CesLayer,CesDesign,(2-2-21),DIELECTRIC_9,(226-2-23)
[Ok][Add] - CesLayer,CesDesign,(2-2-21),SIGNAL_5,(226-3-23)
[Ok][Add] - CesLayer,CesDesign,(2-2-21),DIELECTRIC_11,(226-4-23)
[Ok][Add] - CesLayerRule,(Default),(2-3-38),LayerRule,(226-1-40)
[Ok][Add] - CesLayerRule,(Default),(2-4-38),LayerRule,(226-2-40)
[Ok][Add] - CesLayerRule,(Default),(2-3-38),LayerRule,(226-3-40)
[Ok][Add] - CesLayerRule,(Default),(2-4-38),LayerRule,(226-4-40)
[Ok][Add] - CesLayerClearRule,(Default Rule),(2-3-41),SchemaLayerClearRule,(226-1-42)
[Ok][Add] - CesLayerClearRule,(Default Rule),(2-4-41),SchemaLayerClearRule,(226-2-42)
[Ok][Add] - CesLayerClearRule,(Default Rule),(2-3-41),SchemaLayerClearRule,(226-3-42)
[Ok][Add] - CesLayerClearRule,(Default Rule),(2-4-41),SchemaLayerClearRule,(226-4-42)
[Ok][Add] - CesConstraint,SIGNAL_4,(226-1-23),PNET_CLEARANCES,(228-6-22)
[Ok][Add] - CesConstraint,SIGNAL_4,(226-1-23),DIRECTIONAL_BIAS,(226-8-22)
[Ok][Add] - CesConstraint,SIGNAL_4,(226-1-23),PNET_UBORDERS,(228-7-22)
[Ok][Add] - CesConstraint,DIELECTRIC_9,(226-2-23),HEIGHT,(226-9-22)
[Ok][Add] - CesConstraint,DIELECTRIC_9,(226-2-23),BULK_RES,(226-10-22)
[Ok][Add] - CesConstraint,DIELECTRIC_9,(226-2-23),DIELCONST,(226-11-22)
[Ok][Add] - CesConstraint,DIELECTRIC_9,(226-2-23),LAYER_DESC,(226-12-22)
[Ok][Add] - CesConstraint,DIELECTRIC_9,(226-2-23),LAYER_USAGE,(226-13-22)
[Ok][Modify] - CesConstraint,,(218-4-23),LAYER_PAIR,(218-21-22)
[Ok][Add] - CesConstraint,DIELECTRIC_9,(226-2-23),PLANE_TYPE,(226-14-22)
[Ok][Add] - CesConstraint,DIELECTRIC_9,(226-2-23),LAYER_ENABLED,(226-15-22)
[Ok][Add] - CesConstraint,DIELECTRIC_9,(226-2-23),DIRECTIONAL_BIAS,(226-16-22)
[Ok][Add] - CesConstraint,SIGNAL_5,(226-3-23),HEIGHT,(226-17-22)
[Ok][Add] - CesConstraint,SIGNAL_5,(226-3-23),BULK_RES,(226-18-22)
[Ok][Add] - CesConstraint,SIGNAL_5,(226-3-23),DIELCONST,(226-19-22)
[Ok][Add] - CesConstraint,SIGNAL_5,(226-3-23),LAYER_DESC,(226-20-22)
[Ok][Add] - CesConstraint,SIGNAL_5,(226-3-23),LAYER_USAGE,(226-21-22)
[Ok][Add] - CesConstraint,SIGNAL_5,(226-3-23),PLANE_TYPE,(226-22-22)
[Ok][Modify] - CesConstraint,,(218-6-23),LAYER_USAGE,(218-30-22)
[Ok][Add] - CesConstraint,SIGNAL_5,(226-3-23),LAYER_ENABLED,(226-23-22)
[Ok][Add] - CesConstraint,SIGNAL_5,(226-3-23),DIRECTIONAL_BIAS,(226-24-22)
[Ok][Add] - CesConstraint,DIELECTRIC_11,(226-4-23),HEIGHT,(226-25-22)
[Ok][Add] - CesConstraint,DIELECTRIC_11,(226-4-23),BULK_RES,(226-26-22)
[Ok][Add] - CesConstraint,DIELECTRIC_11,(226-4-23),DIELCONST,(226-27-22)
[Ok][Add] - CesConstraint,DIELECTRIC_11,(226-4-23),LAYER_DESC,(226-28-22)
[Ok][Add] - CesConstraint,DIELECTRIC_11,(226-4-23),LAYER_USAGE,(226-29-22)
[Ok][Add] - CesConstraint,DIELECTRIC_11,(226-4-23),PLANE_TYPE,(226-30-22)
[Ok][Add] - CesConstraint,DIELECTRIC_11,(226-4-23),LAYER_ENABLED,(226-31-22)
[Ok][Add] - CesConstraint,DIELECTRIC_11,(226-4-23),DIRECTIONAL_BIAS,(226-32-22)
[Ok][Add] - CesConstraint,SIGNAL_4,(226-1-23),LAYER_PAIR,(226-33-22)
[Ok][Add] - CesConstraint,SIGNAL_4,(226-1-23),LAYER_DIFFPAIR,(226-34-22)
[Ok][Add] - CesConstraint,SIGNAL_5,(226-3-23),LAYER_PAIR,(226-35-22)
[Ok][Add] - CesConstraint,SIGNAL_5,(226-3-23),LAYER_DIFFPAIR,(226-36-22)
[Ok][Modify] - CesConstraint,,(218-8-23),LAYER_PAIR,(218-44-22)
[Ok][Modify] - CesConstraint,,(218-8-23),LAYER_DIFFPAIR,(218-45-22)
[Ok][Modify] - CesConstraint,,(218-1-27),DEFAULT_VIA,(218-52-22)
[Ok][Add] - CesConstraint,SIGNAL_4,(226-1-23),HEIGHT,(226-1-22)
[Ok][Add] - CesConstraint,SIGNAL_4,(226-1-23),BULK_RES,(226-2-22)
[Ok][Modify] - CesConstraint,,(218-2-23),LAYER_PAIR,(218-10-22)
[Ok][Add] - CesConstraint,SIGNAL_3,(218-6-23),PLANE_TYPE,(228-1-22)
[Ok][Add] - CesConstraint,SIGNAL_4,(226-1-23),DIELCONST,(226-3-22)
[Ok][Add] - CesConstraint,SIGNAL_3,(218-6-23),PLANE_NETS,(228-2-22)
[Ok][Add] - CesConstraint,SIGNAL_4,(226-1-23),LAYER_DESC,(226-4-22)
[Ok][Add] - CesConstraint,SIGNAL_3,(218-6-23),PNET_CLEARANCES,(228-3-22)
[Ok][Add] - CesConstraint,SIGNAL_4,(226-1-23),LAYER_USAGE,(226-5-22)
[Ok][Add] - CesConstraint,SIGNAL_3,(218-6-23),PNET_UBORDERS,(228-4-22)
[Ok][Add] - CesConstraint,SIGNAL_4,(226-1-23),PLANE_TYPE,(226-6-22)
[Ok][Add] - CesConstraint,SIGNAL_4,(226-1-23),PLANE_NETS,(228-5-22)
[Ok][Add] - CesConstraint,SIGNAL_4,(226-1-23),LAYER_ENABLED,(226-7-22)
--------------------------------------------------------------------------------
 CES synchronization - END (2008-01-21 11:06:20) 
--------------------------------------------------------------------------------
--------------------------------------------------------------------------------
 Project integration - END (2008-01-21 11:06:20) 
--------------------------------------------------------------------------------
