--------------------------------------------------------------------------------
 Project integration - START (2008-01-21 17:06:21) 
--------------------------------------------------------------------------------
FE snapshot name: DxD
BE snapshot name: DEMO_layout_temp
Top level block: (2-2-5)
Parameters: BAConnectivity,BAConstraints,BEWin,
--------------------------------------------------------------------------------
--------------------------------------------------------------------------------
 Connection synchronization - START (2008-01-21 17:06:21) 
--------------------------------------------------------------------------------
--------------------------------------------------------------------------------
 Connection synchronization - END (2008-01-21 17:06:21) 
--------------------------------------------------------------------------------
--------------------------------------------------------------------------------
 CES synchronization - START (2008-01-21 17:06:21) 
--------------------------------------------------------------------------------
[Ok][Add] - CesNetClass,CesDesign,(2-2-21),Power,(275-1-24)
[Ok][Add] - CesNetClass,CesDesign,(2-2-21),DiffPair,(275-2-24)
[Ok][Add] - CesNetClass,CesDesign,(2-2-21),HiSpeed,(275-3-24)
[Ok][Add] - CesSchemeNetClassRule,(Master),(2-3-37),Power,(275-1-38)
[Ok][Add] - CesSchemeNetClassRule,(Minimum),(2-4-37),Power,(275-2-38)
[Ok][Add] - CesSchemeNetClassRule,(Master),(2-3-37),DiffPair,(275-3-38)
[Ok][Add] - CesSchemeNetClassRule,(Minimum),(2-4-37),DiffPair,(275-4-38)
[Ok][Add] - CesSchemeNetClassRule,(Master),(2-3-37),HiSpeed,(275-5-38)
[Ok][Add] - CesSchemeNetClassRule,(Minimum),(2-4-37),HiSpeed,(275-6-38)
[Ok][Add] - CesViaAssign,Power,(275-1-38),Through,(275-1-39)
[Ok][Add] - CesViaAssign,Power,(275-2-38),Through,(275-2-39)
[Ok][Add] - CesViaAssign,DiffPair,(275-3-38),Through,(275-3-39)
[Ok][Add] - CesViaAssign,DiffPair,(275-4-38),Through,(275-4-39)
[Ok][Add] - CesViaAssign,HiSpeed,(275-5-38),Through,(275-5-39)
[Ok][Add] - CesViaAssign,HiSpeed,(275-6-38),Through,(275-6-39)
[Ok][Add] - CesLayerRule,Power,(275-1-38),LayerRule,(275-1-40)
[Ok][Add] - CesLayerRule,Power,(275-1-38),LayerRule,(275-2-40)
[Ok][Add] - CesLayerRule,Power,(275-1-38),LayerRule,(275-3-40)
[Ok][Add] - CesLayerRule,Power,(275-1-38),LayerRule,(275-4-40)
[Ok][Add] - CesLayerRule,Power,(275-1-38),LayerRule,(275-5-40)
[Ok][Add] - CesLayerRule,Power,(275-1-38),LayerRule,(275-6-40)
[Ok][Add] - CesLayerRule,Power,(275-2-38),LayerRule,(275-7-40)
[Ok][Add] - CesLayerRule,Power,(275-2-38),LayerRule,(275-8-40)
[Ok][Add] - CesLayerRule,Power,(275-2-38),LayerRule,(275-9-40)
[Ok][Add] - CesLayerRule,Power,(275-2-38),LayerRule,(275-10-40)
[Ok][Add] - CesLayerRule,Power,(275-2-38),LayerRule,(275-11-40)
[Ok][Add] - CesLayerRule,Power,(275-2-38),LayerRule,(275-12-40)
[Ok][Add] - CesLayerRule,DiffPair,(275-3-38),LayerRule,(275-13-40)
[Ok][Add] - CesLayerRule,DiffPair,(275-3-38),LayerRule,(275-14-40)
[Ok][Add] - CesLayerRule,DiffPair,(275-3-38),LayerRule,(275-15-40)
[Ok][Add] - CesLayerRule,DiffPair,(275-3-38),LayerRule,(275-16-40)
[Ok][Add] - CesLayerRule,DiffPair,(275-3-38),LayerRule,(275-17-40)
[Ok][Add] - CesLayerRule,DiffPair,(275-3-38),LayerRule,(275-18-40)
[Ok][Add] - CesLayerRule,DiffPair,(275-4-38),LayerRule,(275-19-40)
[Ok][Add] - CesLayerRule,DiffPair,(275-4-38),LayerRule,(275-20-40)
[Ok][Add] - CesLayerRule,DiffPair,(275-4-38),LayerRule,(275-21-40)
[Ok][Add] - CesLayerRule,DiffPair,(275-4-38),LayerRule,(275-22-40)
[Ok][Add] - CesLayerRule,DiffPair,(275-4-38),LayerRule,(275-23-40)
[Ok][Add] - CesLayerRule,DiffPair,(275-4-38),LayerRule,(275-24-40)
[Ok][Add] - CesLayerRule,HiSpeed,(275-5-38),LayerRule,(275-25-40)
[Ok][Add] - CesLayerRule,HiSpeed,(275-5-38),LayerRule,(275-26-40)
[Ok][Add] - CesLayerRule,HiSpeed,(275-5-38),LayerRule,(275-27-40)
[Ok][Add] - CesLayerRule,HiSpeed,(275-5-38),LayerRule,(275-28-40)
[Ok][Add] - CesLayerRule,HiSpeed,(275-5-38),LayerRule,(275-29-40)
[Ok][Add] - CesLayerRule,HiSpeed,(275-5-38),LayerRule,(275-30-40)
[Ok][Add] - CesLayerRule,HiSpeed,(275-6-38),LayerRule,(275-31-40)
[Ok][Add] - CesLayerRule,HiSpeed,(275-6-38),LayerRule,(275-32-40)
[Ok][Add] - CesLayerRule,HiSpeed,(275-6-38),LayerRule,(275-33-40)
[Ok][Add] - CesLayerRule,HiSpeed,(275-6-38),LayerRule,(275-34-40)
[Ok][Add] - CesLayerRule,HiSpeed,(275-6-38),LayerRule,(275-35-40)
[Ok][Add] - CesLayerRule,HiSpeed,(275-6-38),LayerRule,(275-36-40)
[Ok][Add] - CesConstraint,VDD,(87-1-49),PCLASS,(275-190-22)
[Ok][Add] - CesConstraint,GND,(91-1-49),PCLASS,(275-191-22)
[Ok][Add] - CesConstraint,VEE,(100-4-49),PCLASS,(275-192-22)
[Ok][Add] - CesConstraint,VCC,(100-5-49),PCLASS,(275-193-22)
[Ok][Modify] - CesConstraint,,(226-1-23),PNET_CLEARANCES,(228-6-22)
[Ok][Modify] - CesConstraint,,(226-1-23),DIRECTIONAL_BIAS,(226-8-22)
[Ok][Add] - CesConstraint,CesLayerRule,(275-24-40),ROUTE,(275-215-22)
[Ok][Modify] - CesConstraint,,(226-1-23),PNET_UBORDERS,(228-7-22)
[Ok][Add] - CesConstraint,CesLayerRule,(275-16-40),ROUTE,(275-216-22)
[Ok][Add] - CesConstraint,CesLayerRule,(275-22-40),ROUTE,(275-217-22)
[Ok][Modify] - CesConstraint,,(218-8-23),LAYER_PAIR,(218-44-22)
[Ok][Add] - CesConstraint,SIGNAL_3,(218-6-23),LAYER_ENABLED,(270-1-22)
[Ok][Modify] - CesConstraint,,(218-1-40),TYP_IMPEDANCE,(218-53-22)
[Ok][Modify] - CesConstraint,,(218-3-40),TYP_IMPEDANCE,(218-54-22)
[Ok][Modify] - CesConstraint,,(218-5-40),TYP_IMPEDANCE,(218-55-22)
[Ok][Modify] - CesConstraint,,(218-7-40),TYP_IMPEDANCE,(218-56-22)
[Ok][Add] - CesConstraint,CesLayerRule,(218-5-40),ROUTE,(275-1-22)
[Ok][Add] - CesConstraint,CesLayerRule,(218-6-40),ROUTE,(275-2-22)
[Ok][Add] - CesConstraint,CesLayerRule,(226-1-40),ROUTE,(275-3-22)
[Ok][Add] - CesConstraint,CesLayerRule,(226-2-40),ROUTE,(275-4-22)
[Ok][Add] - CesConstraint,CesLayerRule,(218-1-40),TYP_TRACE_WIDTH,(275-5-22)
[Ok][Add] - CesConstraint,CesLayerRule,(218-1-40),MIN_TRACE_WIDTH,(275-6-22)
[Ok][Add] - CesConstraint,CesLayerRule,(218-2-40),MIN_TRACE_WIDTH,(275-7-22)
[Ok][Add] - CesConstraint,CesLayerRule,(218-2-40),TYP_TRACE_WIDTH,(275-8-22)
[Ok][Modify] - CesConstraint,,(218-2-40),TYP_IMPEDANCE,(218-65-22)
[Ok][Add] - CesConstraint,(Default),(2-3-38),TYP_TRACE_WIDTH,(275-9-22)
[Ok][Modify] - CesConstraint,,(218-4-40),TYP_IMPEDANCE,(218-66-22)
[Ok][Add] - CesConstraint,(Default),(2-3-38),MIN_TRACE_WIDTH,(275-10-22)
[Ok][Modify] - CesConstraint,,(218-6-40),TYP_IMPEDANCE,(218-67-22)
[Ok][Add] - CesConstraint,(Default),(2-4-38),MIN_TRACE_WIDTH,(275-11-22)
[Ok][Modify] - CesConstraint,,(218-8-40),TYP_IMPEDANCE,(218-68-22)
[Ok][Add] - CesConstraint,(Default),(2-4-38),TYP_TRACE_WIDTH,(275-12-22)
[Ok][Add] - CesConstraint,CesLayerRule,(218-3-40),TYP_TRACE_WIDTH,(275-13-22)
[Ok][Add] - CesConstraint,CesLayerRule,(218-3-40),MIN_TRACE_WIDTH,(275-14-22)
[Ok][Add] - CesConstraint,CesLayerRule,(218-4-40),MIN_TRACE_WIDTH,(275-15-22)
[Ok][Add] - CesConstraint,CesLayerRule,(218-4-40),TYP_TRACE_WIDTH,(275-16-22)
[Ok][Add] - CesConstraint,CesLayerRule,(218-5-40),TYP_TRACE_WIDTH,(275-17-22)
[Ok][Add] - CesConstraint,CesLayerRule,(218-5-40),MIN_TRACE_WIDTH,(275-18-22)
[Ok][Add] - CesConstraint,CesLayerRule,(218-6-40),MIN_TRACE_WIDTH,(275-19-22)
[Ok][Add] - CesConstraint,CesLayerRule,(218-6-40),TYP_TRACE_WIDTH,(275-20-22)
[Ok][Add] - CesConstraint,CesLayerRule,(226-1-40),TYP_TRACE_WIDTH,(275-21-22)
[Ok][Add] - CesConstraint,CesLayerRule,(226-1-40),MIN_TRACE_WIDTH,(275-22-22)
[Ok][Add] - CesConstraint,CesLayerRule,(226-2-40),MIN_TRACE_WIDTH,(275-23-22)
[Ok][Add] - CesConstraint,CesLayerRule,(226-2-40),TYP_TRACE_WIDTH,(275-24-22)
[Ok][Add] - CesConstraint,CesLayerRule,(226-3-40),TYP_TRACE_WIDTH,(275-27-22)
[Ok][Add] - CesConstraint,CesLayerRule,(226-3-40),MIN_TRACE_WIDTH,(275-28-22)
[Ok][Add] - CesConstraint,CesLayerRule,(226-4-40),MIN_TRACE_WIDTH,(275-29-22)
[Ok][Add] - CesConstraint,CesLayerRule,(226-4-40),TYP_TRACE_WIDTH,(275-30-22)
[Ok][Add] - CesConstraint,CesLayerRule,(218-7-40),TYP_TRACE_WIDTH,(275-33-22)
[Ok][Add] - CesConstraint,CesLayerRule,(218-7-40),MIN_TRACE_WIDTH,(275-34-22)
[Ok][Add] - CesConstraint,CesLayerRule,(218-8-40),MIN_TRACE_WIDTH,(275-35-22)
[Ok][Add] - CesConstraint,CesLayerRule,(218-8-40),TYP_TRACE_WIDTH,(275-36-22)
[Ok][Add] - CesConstraint,CesLayerRule,(226-4-40),TYP_IMPEDANCE,(275-37-22)
[Ok][Add] - CesConstraint,CesLayerRule,(226-3-40),TYP_IMPEDANCE,(275-38-22)
[Ok][Add] - CesConstraint,CesLayerRule,(226-2-40),TYP_IMPEDANCE,(275-39-22)
[Ok][Add] - CesConstraint,CesLayerRule,(226-1-40),TYP_IMPEDANCE,(275-40-22)
[Ok][Add] - CesConstraint,Power,(275-1-38),MIN_TRACE_WIDTH,(275-41-22)
[Ok][Add] - CesConstraint,Power,(275-1-38),TYP_TRACE_WIDTH,(275-42-22)
[Ok][Add] - CesConstraint,CesLayerRule,(275-1-40),MIN_TRACE_WIDTH,(275-43-22)
[Ok][Add] - CesConstraint,CesLayerRule,(275-1-40),TYP_TRACE_WIDTH,(275-44-22)
[Ok][Add] - CesConstraint,CesLayerRule,(275-1-40),TYP_IMPEDANCE,(275-45-22)
[Ok][Add] - CesConstraint,CesLayerRule,(275-2-40),MIN_TRACE_WIDTH,(275-46-22)
[Ok][Add] - CesConstraint,CesLayerRule,(275-2-40),TYP_TRACE_WIDTH,(275-47-22)
[Ok][Add] - CesConstraint,CesLayerRule,(275-2-40),TYP_IMPEDANCE,(275-48-22)
[Ok][Add] - CesConstraint,CesLayerRule,(275-3-40),MIN_TRACE_WIDTH,(275-49-22)
[Ok][Add] - CesConstraint,CesLayerRule,(275-3-40),ROUTE,(275-50-22)
[Ok][Add] - CesConstraint,CesLayerRule,(275-3-40),TYP_TRACE_WIDTH,(275-51-22)
[Ok][Add] - CesConstraint,CesLayerRule,(275-3-40),TYP_IMPEDANCE,(275-52-22)
[Ok][Add] - CesConstraint,CesLayerRule,(275-5-40),MIN_TRACE_WIDTH,(275-53-22)
[Ok][Add] - CesConstraint,CesLayerRule,(275-5-40),ROUTE,(275-54-22)
[Ok][Add] - CesConstraint,CesLayerRule,(275-5-40),TYP_TRACE_WIDTH,(275-55-22)
[Ok][Add] - CesConstraint,CesLayerRule,(275-5-40),TYP_IMPEDANCE,(275-56-22)
[Ok][Add] - CesConstraint,CesLayerRule,(275-6-40),MIN_TRACE_WIDTH,(275-57-22)
[Ok][Add] - CesConstraint,CesLayerRule,(275-6-40),TYP_TRACE_WIDTH,(275-58-22)
[Ok][Add] - CesConstraint,CesLayerRule,(275-6-40),TYP_IMPEDANCE,(275-59-22)
[Ok][Add] - CesConstraint,CesLayerRule,(275-4-40),MIN_TRACE_WIDTH,(275-60-22)
[Ok][Add] - CesConstraint,CesLayerRule,(275-4-40),TYP_TRACE_WIDTH,(275-61-22)
[Ok][Add] - CesConstraint,CesLayerRule,(275-4-40),TYP_IMPEDANCE,(275-62-22)
[Ok][Add] - CesConstraint,Power,(275-2-38),MIN_TRACE_WIDTH,(275-63-22)
[Ok][Add] - CesConstraint,Power,(275-2-38),TYP_TRACE_WIDTH,(275-64-22)
[Ok][Add] - CesConstraint,CesLayerRule,(275-7-40),MIN_TRACE_WIDTH,(275-65-22)
[Ok][Add] - CesConstraint,CesLayerRule,(275-7-40),TYP_TRACE_WIDTH,(275-66-22)
[Ok][Add] - CesConstraint,CesLayerRule,(275-7-40),TYP_IMPEDANCE,(275-67-22)
[Ok][Add] - CesConstraint,CesLayerRule,(275-8-40),MIN_TRACE_WIDTH,(275-68-22)
[Ok][Add] - CesConstraint,CesLayerRule,(275-8-40),TYP_TRACE_WIDTH,(275-69-22)
[Ok][Add] - CesConstraint,CesLayerRule,(275-8-40),TYP_IMPEDANCE,(275-70-22)
[Ok][Add] - CesConstraint,CesLayerRule,(275-9-40),MIN_TRACE_WIDTH,(275-71-22)
[Ok][Add] - CesConstraint,CesLayerRule,(275-9-40),ROUTE,(275-72-22)
[Ok][Add] - CesConstraint,CesLayerRule,(275-9-40),TYP_TRACE_WIDTH,(275-73-22)
[Ok][Add] - CesConstraint,CesLayerRule,(275-9-40),TYP_IMPEDANCE,(275-74-22)
[Ok][Add] - CesConstraint,CesLayerRule,(275-11-40),MIN_TRACE_WIDTH,(275-75-22)
[Ok][Add] - CesConstraint,CesLayerRule,(275-11-40),ROUTE,(275-76-22)
[Ok][Add] - CesConstraint,CesLayerRule,(275-11-40),TYP_TRACE_WIDTH,(275-77-22)
[Ok][Add] - CesConstraint,CesLayerRule,(275-11-40),TYP_IMPEDANCE,(275-78-22)
[Ok][Add] - CesConstraint,CesLayerRule,(275-12-40),MIN_TRACE_WIDTH,(275-79-22)
[Ok][Add] - CesConstraint,CesLayerRule,(275-12-40),TYP_TRACE_WIDTH,(275-80-22)
[Ok][Add] - CesConstraint,CesLayerRule,(275-12-40),TYP_IMPEDANCE,(275-81-22)
[Ok][Add] - CesConstraint,CesLayerRule,(275-10-40),MIN_TRACE_WIDTH,(275-82-22)
[Ok][Add] - CesConstraint,CesLayerRule,(275-10-40),TYP_TRACE_WIDTH,(275-83-22)
[Ok][Add] - CesConstraint,CesLayerRule,(275-10-40),TYP_IMPEDANCE,(275-84-22)
[Ok][Add] - CesConstraint,DiffPair,(275-3-38),MIN_TRACE_WIDTH,(275-85-22)
[Ok][Add] - CesConstraint,DiffPair,(275-3-38),TYP_TRACE_WIDTH,(275-86-22)
[Ok][Add] - CesConstraint,CesLayerRule,(275-13-40),MIN_TRACE_WIDTH,(275-87-22)
[Ok][Add] - CesConstraint,CesLayerRule,(275-13-40),TYP_TRACE_WIDTH,(275-88-22)
[Ok][Add] - CesConstraint,CesLayerRule,(275-13-40),TYP_IMPEDANCE,(275-89-22)
[Ok][Add] - CesConstraint,CesLayerRule,(275-14-40),MIN_TRACE_WIDTH,(275-90-22)
[Ok][Add] - CesConstraint,CesLayerRule,(275-14-40),TYP_TRACE_WIDTH,(275-91-22)
[Ok][Add] - CesConstraint,CesLayerRule,(275-14-40),TYP_IMPEDANCE,(275-92-22)
[Ok][Add] - CesConstraint,CesLayerRule,(275-15-40),MIN_TRACE_WIDTH,(275-93-22)
[Ok][Add] - CesConstraint,CesLayerRule,(275-15-40),ROUTE,(275-94-22)
[Ok][Add] - CesConstraint,CesLayerRule,(275-15-40),TYP_TRACE_WIDTH,(275-95-22)
[Ok][Add] - CesConstraint,CesLayerRule,(275-15-40),TYP_IMPEDANCE,(275-96-22)
[Ok][Add] - CesConstraint,CesLayerRule,(275-17-40),MIN_TRACE_WIDTH,(275-97-22)
[Ok][Add] - CesConstraint,CesLayerRule,(275-17-40),ROUTE,(275-98-22)
[Ok][Add] - CesConstraint,CesLayerRule,(275-17-40),TYP_TRACE_WIDTH,(275-99-22)
[Ok][Add] - CesConstraint,CesLayerRule,(275-17-40),TYP_IMPEDANCE,(275-100-22)
[Ok][Add] - CesConstraint,CesLayerRule,(275-18-40),MIN_TRACE_WIDTH,(275-101-22)
[Ok][Add] - CesConstraint,CesLayerRule,(275-18-40),TYP_TRACE_WIDTH,(275-102-22)
[Ok][Add] - CesConstraint,CesLayerRule,(275-18-40),TYP_IMPEDANCE,(275-103-22)
[Ok][Add] - CesConstraint,CesLayerRule,(275-16-40),MIN_TRACE_WIDTH,(275-104-22)
[Ok][Add] - CesConstraint,CesLayerRule,(275-16-40),TYP_TRACE_WIDTH,(275-105-22)
[Ok][Add] - CesConstraint,CesLayerRule,(275-16-40),TYP_IMPEDANCE,(275-106-22)
[Ok][Add] - CesConstraint,DiffPair,(275-4-38),MIN_TRACE_WIDTH,(275-107-22)
[Ok][Add] - CesConstraint,DiffPair,(275-4-38),TYP_TRACE_WIDTH,(275-108-22)
[Ok][Add] - CesConstraint,CesLayerRule,(275-19-40),MIN_TRACE_WIDTH,(275-109-22)
[Ok][Add] - CesConstraint,CesLayerRule,(275-19-40),TYP_TRACE_WIDTH,(275-110-22)
[Ok][Add] - CesConstraint,CesLayerRule,(275-19-40),TYP_IMPEDANCE,(275-111-22)
[Ok][Add] - CesConstraint,CesLayerRule,(275-20-40),MIN_TRACE_WIDTH,(275-112-22)
[Ok][Add] - CesConstraint,CesLayerRule,(275-20-40),TYP_TRACE_WIDTH,(275-113-22)
[Ok][Add] - CesConstraint,CesLayerRule,(275-20-40),TYP_IMPEDANCE,(275-114-22)
[Ok][Add] - CesConstraint,CesLayerRule,(275-21-40),MIN_TRACE_WIDTH,(275-115-22)
[Ok][Add] - CesConstraint,CesLayerRule,(275-21-40),ROUTE,(275-116-22)
[Ok][Add] - CesConstraint,CesLayerRule,(275-21-40),TYP_TRACE_WIDTH,(275-117-22)
[Ok][Add] - CesConstraint,CesLayerRule,(275-21-40),TYP_IMPEDANCE,(275-118-22)
[Ok][Add] - CesConstraint,CesLayerRule,(275-23-40),MIN_TRACE_WIDTH,(275-119-22)
[Ok][Add] - CesConstraint,CesLayerRule,(275-23-40),ROUTE,(275-120-22)
[Ok][Add] - CesConstraint,CesLayerRule,(275-23-40),TYP_TRACE_WIDTH,(275-121-22)
[Ok][Add] - CesConstraint,CesLayerRule,(275-23-40),TYP_IMPEDANCE,(275-122-22)
[Ok][Add] - CesConstraint,CesLayerRule,(275-24-40),MIN_TRACE_WIDTH,(275-123-22)
[Ok][Add] - CesConstraint,CesLayerRule,(275-24-40),TYP_TRACE_WIDTH,(275-124-22)
[Ok][Add] - CesConstraint,CesLayerRule,(275-24-40),TYP_IMPEDANCE,(275-125-22)
[Ok][Add] - CesConstraint,CesLayerRule,(275-22-40),MIN_TRACE_WIDTH,(275-126-22)
[Ok][Add] - CesConstraint,CesLayerRule,(275-22-40),TYP_TRACE_WIDTH,(275-127-22)
[Ok][Add] - CesConstraint,CesLayerRule,(275-22-40),TYP_IMPEDANCE,(275-128-22)
[Ok][Add] - CesConstraint,HiSpeed,(275-5-38),MIN_TRACE_WIDTH,(275-129-22)
[Ok][Add] - CesConstraint,HiSpeed,(275-5-38),TYP_TRACE_WIDTH,(275-130-22)
[Ok][Add] - CesConstraint,CesLayerRule,(275-25-40),MIN_TRACE_WIDTH,(275-131-22)
[Ok][Add] - CesConstraint,CesLayerRule,(275-25-40),TYP_TRACE_WIDTH,(275-132-22)
[Ok][Add] - CesConstraint,CesLayerRule,(275-25-40),TYP_IMPEDANCE,(275-133-22)
[Ok][Add] - CesConstraint,CesLayerRule,(275-26-40),MIN_TRACE_WIDTH,(275-134-22)
[Ok][Add] - CesConstraint,CesLayerRule,(275-26-40),TYP_TRACE_WIDTH,(275-135-22)
[Ok][Add] - CesConstraint,CesLayerRule,(275-26-40),TYP_IMPEDANCE,(275-136-22)
[Ok][Add] - CesConstraint,CesLayerRule,(275-27-40),MIN_TRACE_WIDTH,(275-137-22)
[Ok][Add] - CesConstraint,CesLayerRule,(275-27-40),ROUTE,(275-138-22)
[Ok][Add] - CesConstraint,CesLayerRule,(275-27-40),TYP_TRACE_WIDTH,(275-139-22)
[Ok][Add] - CesConstraint,CesLayerRule,(275-27-40),TYP_IMPEDANCE,(275-140-22)
[Ok][Add] - CesConstraint,CesLayerRule,(275-29-40),MIN_TRACE_WIDTH,(275-141-22)
[Ok][Add] - CesConstraint,CesLayerRule,(275-29-40),ROUTE,(275-142-22)
[Ok][Add] - CesConstraint,CesLayerRule,(275-29-40),TYP_TRACE_WIDTH,(275-143-22)
[Ok][Add] - CesConstraint,CesLayerRule,(275-29-40),TYP_IMPEDANCE,(275-144-22)
[Ok][Add] - CesConstraint,CesLayerRule,(275-30-40),MIN_TRACE_WIDTH,(275-145-22)
[Ok][Add] - CesConstraint,CesLayerRule,(275-30-40),TYP_TRACE_WIDTH,(275-146-22)
[Ok][Add] - CesConstraint,CesLayerRule,(275-30-40),TYP_IMPEDANCE,(275-147-22)
[Ok][Add] - CesConstraint,CesLayerRule,(275-28-40),MIN_TRACE_WIDTH,(275-148-22)
[Ok][Add] - CesConstraint,CesLayerRule,(275-28-40),TYP_TRACE_WIDTH,(275-149-22)
[Ok][Add] - CesConstraint,CesLayerRule,(275-28-40),TYP_IMPEDANCE,(275-150-22)
[Ok][Add] - CesConstraint,HiSpeed,(275-6-38),MIN_TRACE_WIDTH,(275-151-22)
[Ok][Add] - CesConstraint,HiSpeed,(275-6-38),TYP_TRACE_WIDTH,(275-152-22)
[Ok][Add] - CesConstraint,CesLayerRule,(275-31-40),MIN_TRACE_WIDTH,(275-153-22)
[Ok][Add] - CesConstraint,CesLayerRule,(275-31-40),TYP_TRACE_WIDTH,(275-154-22)
[Ok][Add] - CesConstraint,CesLayerRule,(275-31-40),TYP_IMPEDANCE,(275-155-22)
[Ok][Add] - CesConstraint,CesLayerRule,(275-32-40),MIN_TRACE_WIDTH,(275-156-22)
[Ok][Add] - CesConstraint,CesLayerRule,(275-32-40),TYP_TRACE_WIDTH,(275-157-22)
[Ok][Add] - CesConstraint,CesLayerRule,(275-32-40),TYP_IMPEDANCE,(275-158-22)
[Ok][Add] - CesConstraint,CesLayerRule,(275-33-40),MIN_TRACE_WIDTH,(275-159-22)
[Ok][Add] - CesConstraint,CesLayerRule,(275-33-40),ROUTE,(275-160-22)
[Ok][Add] - CesConstraint,CesLayerRule,(275-33-40),TYP_TRACE_WIDTH,(275-161-22)
[Ok][Add] - CesConstraint,CesLayerRule,(275-33-40),TYP_IMPEDANCE,(275-162-22)
[Ok][Add] - CesConstraint,CesLayerRule,(275-35-40),MIN_TRACE_WIDTH,(275-163-22)
[Ok][Add] - CesConstraint,CesLayerRule,(275-35-40),ROUTE,(275-164-22)
[Ok][Add] - CesConstraint,CesLayerRule,(275-35-40),TYP_TRACE_WIDTH,(275-165-22)
[Ok][Add] - CesConstraint,CesLayerRule,(275-35-40),TYP_IMPEDANCE,(275-166-22)
[Ok][Add] - CesConstraint,CesLayerRule,(275-36-40),MIN_TRACE_WIDTH,(275-167-22)
[Ok][Add] - CesConstraint,CesLayerRule,(275-36-40),TYP_TRACE_WIDTH,(275-168-22)
[Ok][Add] - CesConstraint,CesLayerRule,(275-36-40),TYP_IMPEDANCE,(275-169-22)
[Ok][Add] - CesConstraint,CesLayerRule,(275-34-40),MIN_TRACE_WIDTH,(275-170-22)
[Ok][Add] - CesConstraint,CesLayerRule,(275-34-40),TYP_TRACE_WIDTH,(275-171-22)
[Ok][Add] - CesConstraint,CesLayerRule,(275-34-40),TYP_IMPEDANCE,(275-172-22)
[Ok][Add] - CesConstraint,Power,(275-1-38),EXP_TRACE_WIDTH,(275-173-22)
[Ok][Add] - CesConstraint,Power,(275-2-38),EXP_TRACE_WIDTH,(275-174-22)
[Ok][Add] - CesConstraint,CesLayerRule,(275-1-40),EXP_TRACE_WIDTH,(275-175-22)
[Ok][Add] - CesConstraint,CesLayerRule,(275-7-40),EXP_TRACE_WIDTH,(275-176-22)
[Ok][Add] - CesConstraint,CesLayerRule,(275-2-40),EXP_TRACE_WIDTH,(275-177-22)
[Ok][Add] - CesConstraint,CesLayerRule,(275-8-40),EXP_TRACE_WIDTH,(275-178-22)
[Ok][Add] - CesConstraint,CesLayerRule,(275-3-40),EXP_TRACE_WIDTH,(275-179-22)
[Ok][Add] - CesConstraint,CesLayerRule,(275-9-40),EXP_TRACE_WIDTH,(275-180-22)
[Ok][Add] - CesConstraint,CesLayerRule,(275-5-40),EXP_TRACE_WIDTH,(275-181-22)
[Ok][Add] - CesConstraint,CesLayerRule,(275-11-40),EXP_TRACE_WIDTH,(275-182-22)
[Ok][Add] - CesConstraint,CesLayerRule,(275-6-40),EXP_TRACE_WIDTH,(275-183-22)
[Ok][Add] - CesConstraint,CesLayerRule,(275-12-40),EXP_TRACE_WIDTH,(275-184-22)
[Ok][Add] - CesConstraint,CesLayerRule,(275-4-40),EXP_TRACE_WIDTH,(275-185-22)
[Ok][Add] - CesConstraint,CesLayerRule,(275-10-40),EXP_TRACE_WIDTH,(275-186-22)
[Ok][Add] - CesConstraint,Power,(275-1-38),VIA_ASSIGN,(275-187-22)
[Ok][Add] - CesConstraint,Through,(275-1-39),NET_CLASS_VIA,(275-188-22)
[Ok][Add] - CesConstraint,Power,(275-2-38),VIA_ASSIGN,(275-189-22)
[Ok][Add] - CesConstraint,DiffPair,(275-3-38),DIFF_SPACING,(275-194-22)
[Ok][Add] - CesConstraint,DiffPair,(275-4-38),DIFF_SPACING,(275-195-22)
[Ok][Add] - CesConstraint,CesLayerRule,(275-13-40),DIFF_SPACING,(275-196-22)
[Ok][Add] - CesConstraint,CesLayerRule,(275-19-40),DIFF_SPACING,(275-197-22)
[Ok][Add] - CesConstraint,CesLayerRule,(275-14-40),DIFF_SPACING,(275-198-22)
[Ok][Add] - CesConstraint,CesLayerRule,(275-20-40),DIFF_SPACING,(275-199-22)
[Ok][Add] - CesConstraint,CesLayerRule,(275-15-40),DIFF_SPACING,(275-200-22)
[Ok][Add] - CesConstraint,CesLayerRule,(275-21-40),DIFF_SPACING,(275-201-22)
[Ok][Add] - CesConstraint,CesLayerRule,(275-17-40),DIFF_SPACING,(275-202-22)
[Ok][Add] - CesConstraint,CesLayerRule,(275-23-40),DIFF_SPACING,(275-203-22)
[Ok][Add] - CesConstraint,CesLayerRule,(275-18-40),DIFF_SPACING,(275-204-22)
[Ok][Add] - CesConstraint,CesLayerRule,(275-24-40),DIFF_SPACING,(275-205-22)
[Ok][Add] - CesConstraint,CesLayerRule,(275-16-40),DIFF_SPACING,(275-206-22)
[Ok][Add] - CesConstraint,CesLayerRule,(275-22-40),DIFF_SPACING,(275-207-22)
[Ok][Add] - CesConstraint,DiffPair,(275-3-38),ROUTE,(275-208-22)
[Ok][Modify] - CesConstraint,,(218-2-23),LAYER_PAIR,(218-10-22)
[Ok][Add] - CesConstraint,DiffPair,(275-4-38),ROUTE,(275-209-22)
[Ok][Add] - CesConstraint,CesLayerRule,(275-13-40),ROUTE,(275-210-22)
[Ok][Modify] - CesConstraint,,(218-6-23),PLANE_NETS,(228-2-22)
[Ok][Add] - CesConstraint,CesLayerRule,(275-19-40),ROUTE,(275-211-22)
[Ok][Modify] - CesConstraint,,(218-6-23),PNET_CLEARANCES,(228-3-22)
[Ok][Add] - CesConstraint,CesLayerRule,(275-14-40),ROUTE,(275-212-22)
[Ok][Modify] - CesConstraint,,(218-6-23),PNET_UBORDERS,(228-4-22)
[Ok][Add] - CesConstraint,CesLayerRule,(275-20-40),ROUTE,(275-213-22)
[Ok][Modify] - CesConstraint,,(226-1-23),PLANE_NETS,(228-5-22)
[Ok][Modify] - CesConstraint,,(226-1-23),LAYER_ENABLED,(226-7-22)
[Ok][Add] - CesConstraint,CesLayerRule,(275-18-40),ROUTE,(275-214-22)
--------------------------------------------------------------------------------
 CES synchronization - END (2008-01-21 17:06:21) 
--------------------------------------------------------------------------------
--------------------------------------------------------------------------------
 Project integration - END (2008-01-21 17:06:21) 
--------------------------------------------------------------------------------
