--------------------------------------------------------------------------------
 Project integration - START (2008-01-21 11:35:26) 
--------------------------------------------------------------------------------
FE snapshot name: DxD
BE snapshot name: DEMO_layout_temp
Top level block: (2-2-5)
Parameters: BAConnectivity,BAConstraints,BEWin,
--------------------------------------------------------------------------------
--------------------------------------------------------------------------------
 Connection synchronization - START (2008-01-21 11:35:26) 
--------------------------------------------------------------------------------
[Ok][Modify] - FlatPin,,(0-0-0),9,(189-2-11)
[Ok][Modify] - FlatPin,,(0-0-0),8,(189-3-11)
[Ok][Modify] - FlatPin,,(0-0-0),7,(189-4-11)
[Ok][Modify] - FlatPin,,(0-0-0),6,(189-5-11)
[Ok][Modify] - FlatPin,,(0-0-0),5,(189-6-11)
[Ok][Modify] - FlatPin,,(0-0-0),4,(189-7-11)
[Ok][Modify] - FlatPin,,(0-0-0),3,(189-8-11)
[Ok][Modify] - FlatPin,,(0-0-0),2,(189-9-11)
[Ok][Modify] - FlatPin,,(0-0-0),A,(189-21-11)
[Ok][Modify] - FlatPin,,(0-0-0),B,(189-22-11)
[Ok][Modify] - FlatPin,,(0-0-0),C,(189-23-11)
[Ok][Modify] - FlatPin,,(0-0-0),D,(189-24-11)
[Ok][Modify] - FlatPin,,(0-0-0),E,(189-25-11)
[Ok][Modify] - FlatPin,,(0-0-0),F,(189-26-11)
[Ok][Modify] - FlatPin,,(0-0-0),G,(189-27-11)
[Ok][Modify] - FlatPin,,(0-0-0),H,(189-28-11)
[Ok][Modify] - FlatPin,,(0-0-0),5,(188-42-11)
[Ok][Modify] - FlatPin,,(0-0-0),4,(188-43-11)
[Ok][Modify] - FlatPin,,(0-0-0),3,(188-44-11)
[Ok][Modify] - FlatPin,,(0-0-0),2,(188-45-11)
--------------------------------------------------------------------------------
 Connection synchronization - END (2008-01-21 11:35:26) 
--------------------------------------------------------------------------------
--------------------------------------------------------------------------------
 CES synchronization - START (2008-01-21 11:35:26) 
--------------------------------------------------------------------------------
[Ok][Modify] - CesPin,U7,(221-20-51),5,(189-24-52)
[Ok][Modify] - CesPin,U7,(221-20-51),4,(189-28-52)
[Ok][Modify] - CesPin,U7,(221-20-51),12,(189-22-52)
[Ok][Modify] - CesPin,U7,(221-20-51),2,(189-26-52)
[Ok][Modify] - CesPin,U7,(221-20-51),6,(189-23-52)
[Ok][Modify] - CesPin,U7,(221-20-51),3,(189-27-52)
[Ok][Modify] - CesPin,U7,(221-20-51),11,(189-21-52)
[Ok][Modify] - CesPin,R3,(221-18-51),2,(188-42-52)
[Ok][Modify] - CesPin,R3,(221-18-51),3,(188-43-52)
[Ok][Modify] - CesPin,R2,(221-19-51),2,(189-5-52)
[Ok][Modify] - CesPin,R2,(221-19-51),6,(189-6-52)
[Ok][Modify] - CesPin,R2,(221-19-51),5,(189-2-52)
[Ok][Modify] - CesPin,R2,(221-19-51),3,(189-4-52)
[Ok][Modify] - CesPin,R2,(221-19-51),7,(189-7-52)
[Ok][Modify] - CesPin,R2,(221-19-51),4,(189-3-52)
[Ok][Modify] - CesConstraint,,(226-1-23),PNET_CLEARANCES,(228-6-22)
[Ok][Modify] - CesConstraint,,(226-1-23),PNET_UBORDERS,(228-7-22)
[Ok][Modify] - CesConstraint,,(218-6-23),PLANE_NETS,(228-2-22)
[Ok][Modify] - CesConstraint,,(218-6-23),PNET_CLEARANCES,(228-3-22)
[Ok][Modify] - CesConstraint,,(218-6-23),PNET_UBORDERS,(228-4-22)
[Ok][Modify] - CesConstraint,,(226-1-23),PLANE_NETS,(228-5-22)
--------------------------------------------------------------------------------
 CES synchronization - END (2008-01-21 11:35:26) 
--------------------------------------------------------------------------------
--------------------------------------------------------------------------------
 Project integration - END (2008-01-21 11:35:26) 
--------------------------------------------------------------------------------
