--------------------------------------------------------------------------------
 Project integration - START (2008-02-04 10:02:03) 
--------------------------------------------------------------------------------
FE snapshot name: DxD
BE snapshot name: DEMO_layout_temp
Top level block: (2-2-5)
Parameters: BAConnectivity,BAConstraints,BEWin,
--------------------------------------------------------------------------------
--------------------------------------------------------------------------------
 Connection synchronization - START (2008-02-04 10:02:03) 
--------------------------------------------------------------------------------
[Ok][Modify] - FlatComp,,(0-0-0),74als32.1,(144-1-8)
[Ok][Modify] - FlatComp,,(0-0-0),rn_10_pack.1,(189-1-8)
[Ok][Modify] - FlatComp,,(0-0-0),74als04.1,(197-1-8)
[Ok][Modify] - FlatComp,,(0-0-0),pcap.1,(216-1-8)
[Ok][Modify] - FlatComp,,(0-0-0),74als240_ansi.1,(256-1-8)
[Ok][Modify] - FlatComp,,(0-0-0),cap.2,(91-2-8)
[Ok][Modify] - FlatComp,,(0-0-0),74als32.1,(144-2-8)
[Ok][Modify] - FlatComp,,(0-0-0),pcap.1,(216-2-8)
[Ok][Modify] - FlatComp,,(0-0-0),74als04.1,(186-3-8)
[Ok][Modify] - FlatComp,,(0-0-0),74als30.1,(189-3-8)
[Ok][Modify] - FlatComp,,(0-0-0),74als04.1,(197-3-8)
[Ok][Modify] - FlatComp,,(0-0-0),74als240_ansi.1,(256-3-8)
[Ok][Modify] - FlatComp,,(0-0-0),cap.2,(91-4-8)
[Ok][Modify] - FlatComp,,(0-0-0),cap.2,(91-5-8)
[Ok][Modify] - FlatComp,,(0-0-0),74als04.1,(186-5-8)
[Ok][Modify] - FlatComp,,(0-0-0),rn_10_pack.1,(188-5-8)
[Ok][Modify] - FlatComp,,(0-0-0),cap.2,(91-6-8)
[Ok][Modify] - FlatComp,,(0-0-0),cap.2,(100-6-8)
[Ok][Modify] - FlatComp,,(0-0-0),74als32.1,(144-6-8)
[Ok][Modify] - FlatComp,,(0-0-0),cap.2,(91-7-8)
[Ok][Modify] - FlatComp,,(0-0-0),74als32.1,(144-7-8)
[Ok][Modify] - FlatComp,,(0-0-0),cap.2,(91-8-8)
[Ok][Modify] - FlatComp,,(0-0-0),cap.2,(91-9-8)
[Ok][Modify] - FlatComp,,(0-0-0),74als04.1,(194-9-8)
[Ok][Modify] - FlatComp,,(0-0-0),cap.2,(91-11-8)
[Ok][Modify] - FlatComp,,(0-0-0),74als655.1,(144-11-8)
[Ok][Modify] - FlatComp,,(0-0-0),74als04.1,(194-11-8)
[Ok][Modify] - FlatComp,,(0-0-0),cap.2,(91-12-8)
[Ok][Modify] - FlatComp,,(0-0-0),74als655.1,(144-12-8)
[Ok][Modify] - FlatComp,,(0-0-0),cap.2,(91-13-8)
[Ok][Modify] - FlatComp,,(0-0-0),cap.2,(91-14-8)
[Ok][Modify] - FlatComp,,(0-0-0),RES.1,(194-15-8)
[Ok][Modify] - FlatComp,,(0-0-0),54als1008.1,(208-15-8)
[Ok][Modify] - FlatComp,,(0-0-0),cap.2,(100-16-8)
[Ok][Modify] - FlatComp,,(0-0-0),74als655.1,(144-16-8)
[Ok][Modify] - FlatComp,,(0-0-0),74als49.1,(208-16-8)
[Ok][Modify] - FlatComp,,(0-0-0),74als655.1,(144-17-8)
[Ok][Modify] - FlatComp,,(0-0-0),cap.2,(194-17-8)
[Ok][Modify] - FlatComp,,(0-0-0),cap.2,(208-19-8)
[Ok][Modify] - FlatComp,,(0-0-0),potentiometer.1,(208-20-8)
[Ok][Modify] - FlatComp,,(0-0-0),cap.2,(194-21-8)
[Ok][Modify] - FlatComp,,(0-0-0),54als1008.1,(208-21-8)
[Ok][Modify] - FlatComp,,(0-0-0),54als1008.1,(208-22-8)
[Ok][Modify] - FlatComp,,(0-0-0),74als00.1,(208-23-8)
[Ok][Modify] - FlatComp,,(0-0-0),74als00.1,(208-24-8)
[Ok][Modify] - FlatComp,,(0-0-0),74als00.1,(208-25-8)
[Ok][Modify] - FlatComp,,(0-0-0),54als1008.1,(208-26-8)
[Ok][Modify] - FlatComp,,(0-0-0),74als00.1,(208-27-8)
[Ok][Modify] - FlatComp,,(0-0-0),74als187.1,(208-28-8)
[Ok][Modify] - FlatComp,,(0-0-0),opamp5.1,(208-37-8)
[Ok][Modify] - FlatComp,,(0-0-0),RES.1,(208-39-8)
[Ok][Modify] - FlatComp,,(0-0-0),RES.1,(208-40-8)
[Ok][Modify] - FlatComp,,(0-0-0),cap.1,(208-42-8)
[Ok][Modify] - FlatComp,,(0-0-0),res.2,(208-44-8)
[Ok][Modify] - FlatComp,,(0-0-0),opamp5.1,(208-49-8)
[Ok][Modify] - FlatComp,,(0-0-0),RES.1,(208-51-8)
[Ok][Modify] - FlatComp,,(0-0-0),cap.1,(208-53-8)
[Ok][Modify] - FlatComp,,(0-0-0),cap.1,(208-54-8)
[Ok][Modify] - FlatComp,,(0-0-0),res.2,(208-56-8)
--------------------------------------------------------------------------------
 Connection synchronization - END (2008-02-04 10:02:03) 
--------------------------------------------------------------------------------
--------------------------------------------------------------------------------
 CES synchronization - START (2008-02-04 10:02:03) 
--------------------------------------------------------------------------------
[Ok][Modify] - CesComp,,(0-0-0),,(221-1-51)
[Ok][Modify] - CesComp,,(0-0-0),,(221-2-51)
[Ok][Modify] - CesComp,,(0-0-0),,(221-3-51)
[Ok][Modify] - CesComp,,(0-0-0),,(221-4-51)
[Ok][Modify] - CesComp,,(0-0-0),,(221-6-51)
[Ok][Modify] - CesComp,,(0-0-0),,(221-7-51)
[Ok][Modify] - CesComp,,(0-0-0),,(221-8-51)
[Ok][Modify] - CesComp,,(0-0-0),,(221-9-51)
[Ok][Modify] - CesComp,,(0-0-0),,(221-11-51)
[Ok][Modify] - CesComp,,(0-0-0),,(221-12-51)
[Ok][Modify] - CesComp,,(0-0-0),,(221-13-51)
[Ok][Modify] - CesComp,,(0-0-0),,(221-14-51)
[Ok][Modify] - CesComp,,(0-0-0),,(221-15-51)
[Ok][Modify] - CesComp,,(0-0-0),,(221-16-51)
[Ok][Modify] - CesComp,,(0-0-0),,(221-18-51)
[Ok][Modify] - CesComp,,(0-0-0),,(221-19-51)
[Ok][Modify] - CesComp,,(0-0-0),,(221-20-51)
[Ok][Modify] - CesComp,,(0-0-0),,(221-22-51)
[Ok][Modify] - CesComp,,(0-0-0),,(221-24-51)
[Ok][Modify] - CesComp,,(0-0-0),,(221-26-51)
[Ok][Modify] - CesComp,,(0-0-0),,(221-27-51)
[Ok][Modify] - CesComp,,(0-0-0),,(221-29-51)
[Ok][Modify] - CesComp,,(0-0-0),,(221-30-51)
[Ok][Modify] - CesComp,,(0-0-0),,(221-31-51)
[Ok][Modify] - CesComp,,(0-0-0),,(221-32-51)
[Ok][Modify] - CesComp,,(0-0-0),,(221-33-51)
[Ok][Modify] - CesComp,,(0-0-0),,(221-34-51)
[Ok][Modify] - CesComp,,(0-0-0),,(221-35-51)
[Ok][Modify] - CesComp,,(0-0-0),,(221-36-51)
[Ok][Modify] - CesComp,,(0-0-0),,(221-37-51)
[Ok][Modify] - CesComp,,(0-0-0),,(221-38-51)
[Ok][Modify] - CesComp,,(0-0-0),,(259-1-51)
[Ok][Modify] - CesComp,,(0-0-0),,(102-1-51)
[Ok][Modify] - CesComp,,(0-0-0),,(102-2-51)
[Ok][Modify] - CesComp,,(0-0-0),,(102-3-51)
[Ok][Modify] - CesComp,,(0-0-0),,(102-5-51)
[Ok][Modify] - CesComp,,(0-0-0),,(102-6-51)
[Ok][Modify] - CesComp,,(0-0-0),,(102-7-51)
[Ok][Modify] - CesComp,,(0-0-0),,(102-8-51)
[Ok][Modify] - CesComp,,(0-0-0),,(102-9-51)
[Ok][Modify] - CesComp,,(0-0-0),,(102-10-51)
[Ok][Modify] - CesComp,,(0-0-0),,(102-11-51)
[Ok][Modify] - CesComp,,(0-0-0),,(102-12-51)
[Ok][Modify] - CesConstraint,,(226-1-23),PNET_CLEARANCES,(228-6-22)
[Ok][Modify] - CesConstraint,,(226-1-23),PNET_UBORDERS,(228-7-22)
[Ok][Modify] - CesConstraint,,(218-6-23),LAYER_ENABLED,(270-1-22)
[Ok][Modify] - CesConstraint,,(218-6-23),PLANE_NETS,(228-2-22)
[Ok][Modify] - CesConstraint,,(218-6-23),PNET_CLEARANCES,(228-3-22)
[Ok][Modify] - CesConstraint,,(218-6-23),PNET_UBORDERS,(228-4-22)
[Ok][Modify] - CesConstraint,,(226-1-23),PLANE_NETS,(228-5-22)
[Ok][Modify] - CesConstraint,,(226-1-23),LAYER_ENABLED,(226-7-22)
--------------------------------------------------------------------------------
 CES synchronization - END (2008-02-04 10:02:03) 
--------------------------------------------------------------------------------
--------------------------------------------------------------------------------
 Project integration - END (2008-02-04 10:02:03) 
--------------------------------------------------------------------------------
