--------------------------------------------------------------------------------
 Project integration - START (2008-01-22 10:19:05) 
--------------------------------------------------------------------------------
FE snapshot name: DxD
BE snapshot name: DEMO_layout_temp
Top level block: (2-2-5)
Parameters: BAConnectivity,BAConstraints,BEWin,
--------------------------------------------------------------------------------
--------------------------------------------------------------------------------
 Connection synchronization - START (2008-01-22 10:19:05) 
--------------------------------------------------------------------------------
--------------------------------------------------------------------------------
 Connection synchronization - END (2008-01-22 10:19:05) 
--------------------------------------------------------------------------------
--------------------------------------------------------------------------------
 CES synchronization - START (2008-01-22 10:19:05) 
--------------------------------------------------------------------------------
[Ok][Modify] - CesElectricalNet,,(0-0-0),,(208-6-47)
[Ok][Modify] - CesElectricalNet,,(0-0-0),,(208-7-47)
[Ok][Add] - CesDiffPair,CesConfig,(2-2-63),DP1-NEG,DP1-POS,(288-1-46)
[Ok][Add] - CesFromTo,DP1-NEG,(208-6-49),C21-1,R1-1,(287-2-50)
[Ok][Add] - CesFromTo,DP1-POS,(208-7-49),R1-2,U4-13,(287-3-50)
[Ok][Add] - CesFromTo,DP1-NEG,(208-6-49),R1-1,U4-14,(292-1-50)
[Ok][Add] - CesConstraint,DP1-NEG,(208-6-49),TOPO_ORDERED,(287-1-22)
[Ok][Add] - CesConstraint,DP1-NEG,(208-6-49),PCLASS,(288-1-22)
[Ok][Add] - CesConstraint,DP1-POS,(208-7-49),TOPO_ORDERED,(287-2-22)
[Ok][Add] - CesConstraint,DP1-POS,(208-7-49),PCLASS,(288-2-22)
[Ok][Add] - CesConstraint,DP1-NEG,(208-6-47),PCLASS,(288-3-22)
[Ok][Add] - CesConstraint,DP1-POS,(208-7-47),PCLASS,(288-4-22)
[Ok][Add] - CesConstraint,R1-2,U4-13,(287-3-50),FROMTO_USERDEFINED,(292-1-22)
[Ok][Add] - CesConstraint,C21-1,R1-1,(287-2-50),FROMTO_USERDEFINED,(292-2-22)
[Ok][Add] - CesConstraint,R1-1,U4-14,(292-1-50),FROMTO_USERDEFINED,(292-3-22)
[Ok][Add] - CesConstraint,HS0,(190-17-49),PCLASS,(288-9-22)
[Ok][Add] - CesConstraint,HS1,(190-19-49),PCLASS,(288-10-22)
[Ok][Add] - CesConstraint,HS2,(190-21-49),PCLASS,(288-11-22)
[Ok][Add] - CesConstraint,HS4,(190-25-49),PCLASS,(288-12-22)
[Ok][Add] - CesConstraint,HS5,(190-27-49),PCLASS,(288-13-22)
[Ok][Add] - CesConstraint,HS6,(190-29-49),PCLASS,(288-14-22)
[Ok][Add] - CesConstraint,HS7,(190-31-49),PCLASS,(288-15-22)
[Ok][Add] - CesConstraint,HS3,(190-33-49),PCLASS,(288-16-22)
[Ok][Add] - CesConstraint,HS0,(190-17-47),PCLASS,(288-17-22)
[Ok][Add] - CesConstraint,HS1,(190-19-47),PCLASS,(288-18-22)
[Ok][Add] - CesConstraint,HS2,(190-21-47),PCLASS,(288-19-22)
[Ok][Add] - CesConstraint,HS4,(190-25-47),PCLASS,(288-20-22)
[Ok][Add] - CesConstraint,HS5,(190-27-47),PCLASS,(288-21-22)
[Ok][Add] - CesConstraint,HS6,(190-29-47),PCLASS,(288-22-22)
[Ok][Add] - CesConstraint,HS7,(190-31-47),PCLASS,(288-23-22)
[Ok][Add] - CesConstraint,HS3,(190-33-47),PCLASS,(288-24-22)
[Ok][Add] - CesConstraint,HS0,(190-17-47),MATCH_GROUP,(288-305-22)
[Ok][Add] - CesConstraint,HS1,(190-19-47),MATCH_GROUP,(288-314-22)
[Ok][Add] - CesConstraint,HS2,(190-21-47),MATCH_GROUP,(288-323-22)
[Ok][Add] - CesConstraint,HS3,(190-33-47),MATCH_GROUP,(288-332-22)
[Ok][Add] - CesConstraint,HS4,(190-25-47),MATCH_GROUP,(288-341-22)
[Ok][Add] - CesConstraint,HS5,(190-27-47),MATCH_GROUP,(288-350-22)
[Ok][Add] - CesConstraint,HS6,(190-29-47),MATCH_GROUP,(288-359-22)
[Ok][Add] - CesConstraint,HS7,(190-31-47),MATCH_GROUP,(288-368-22)
[Ok][Add] - CesConstraint,HS0,(190-17-47),MATCH_TOLERANCE,(288-377-22)
[Ok][Add] - CesConstraint,HS1,(190-19-47),MATCH_TOLERANCE,(288-378-22)
[Ok][Add] - CesConstraint,HS2,(190-21-47),MATCH_TOLERANCE,(288-379-22)
[Ok][Add] - CesConstraint,HS3,(190-33-47),MATCH_TOLERANCE,(288-380-22)
[Ok][Add] - CesConstraint,HS4,(190-25-47),MATCH_TOLERANCE,(288-381-22)
[Ok][Add] - CesConstraint,HS5,(190-27-47),MATCH_TOLERANCE,(288-382-22)
[Ok][Add] - CesConstraint,HS6,(190-29-47),MATCH_TOLERANCE,(288-383-22)
[Ok][Add] - CesConstraint,HS7,(190-31-47),MATCH_TOLERANCE,(288-384-22)
[Ok][Add] - CesConstraint,DP1-NEG,DP1-POS,(288-1-46),ORDER_TYPE,(288-385-22)
[Ok][Add] - CesConstraint,DP1-NEG,DP1-POS,(288-1-46),PCLASS,(288-386-22)
[Ok][Add] - CesConstraint,DP1-NEG,(208-6-47),ORDER_TYPE,(288-387-22)
[Ok][Add] - CesConstraint,DP1-POS,(208-7-47),ORDER_TYPE,(288-388-22)
[Ok][Add] - CesConstraint,DP1-NEG,(208-6-47),TOPO_ORDERED,(288-389-22)
[Ok][Add] - CesConstraint,DP1-POS,(208-7-47),TOPO_ORDERED,(288-390-22)
[Ok][Add] - CesConstraint,DP1-NEG,(208-6-49),ORDER_TYPE,(288-391-22)
[Ok][Add] - CesConstraint,DP1-POS,(208-7-49),ORDER_TYPE,(288-392-22)
[Ok][Modify] - CesConstraint,,(226-1-23),PNET_CLEARANCES,(228-6-22)
[Ok][Add] - CesConstraint,LayerClearRule:8,(226-2-42),RESISTOR_TO_TRACE,(288-202-22)
[Ok][Modify] - CesConstraint,,(226-1-23),PNET_UBORDERS,(228-7-22)
[Ok][Add] - CesConstraint,LayerClearRule:10,(226-3-42),RESISTOR_TO_TRACE,(288-203-22)
[Ok][Add] - CesConstraint,LayerClearRule:10,(226-4-42),RESISTOR_TO_TRACE,(288-204-22)
[Ok][Add] - CesConstraint,LayerClearRule:12,(218-7-42),RESISTOR_TO_TRACE,(288-205-22)
[Ok][Add] - CesConstraint,LayerClearRule:12,(218-8-42),RESISTOR_TO_TRACE,(288-206-22)
[Ok][Add] - CesConstraint,(Default Rule),(2-3-41),RESISTOR_TO_PAD,(288-207-22)
[Ok][Add] - CesConstraint,(Default Rule),(2-4-41),RESISTOR_TO_PAD,(288-208-22)
[Ok][Add] - CesConstraint,LayerClearRule:2,(218-1-42),RESISTOR_TO_PAD,(288-209-22)
[Ok][Add] - CesConstraint,LayerClearRule:2,(218-2-42),RESISTOR_TO_PAD,(288-210-22)
[Ok][Add] - CesConstraint,LayerClearRule:4,(218-3-42),RESISTOR_TO_PAD,(288-211-22)
[Ok][Add] - CesConstraint,LayerClearRule:4,(218-4-42),RESISTOR_TO_PAD,(288-212-22)
[Ok][Add] - CesConstraint,LayerClearRule:6,(218-5-42),RESISTOR_TO_PAD,(288-213-22)
[Ok][Add] - CesConstraint,LayerClearRule:6,(218-6-42),RESISTOR_TO_PAD,(288-214-22)
[Ok][Add] - CesConstraint,LayerClearRule:8,(226-1-42),RESISTOR_TO_PAD,(288-215-22)
[Ok][Add] - CesConstraint,LayerClearRule:8,(226-2-42),RESISTOR_TO_PAD,(288-216-22)
[Ok][Add] - CesConstraint,LayerClearRule:10,(226-3-42),RESISTOR_TO_PAD,(288-217-22)
[Ok][Add] - CesConstraint,LayerClearRule:10,(226-4-42),RESISTOR_TO_PAD,(288-218-22)
[Ok][Add] - CesConstraint,LayerClearRule:12,(218-7-42),RESISTOR_TO_PAD,(288-219-22)
[Ok][Add] - CesConstraint,LayerClearRule:12,(218-8-42),RESISTOR_TO_PAD,(288-220-22)
[Ok][Add] - CesConstraint,(Default Rule),(2-3-41),RESISTOR_TO_VIA,(288-221-22)
[Ok][Add] - CesConstraint,(Default Rule),(2-4-41),RESISTOR_TO_VIA,(288-222-22)
[Ok][Add] - CesConstraint,LayerClearRule:2,(218-1-42),RESISTOR_TO_VIA,(288-223-22)
[Ok][Add] - CesConstraint,LayerClearRule:2,(218-2-42),RESISTOR_TO_VIA,(288-224-22)
[Ok][Add] - CesConstraint,LayerClearRule:4,(218-3-42),RESISTOR_TO_VIA,(288-225-22)
[Ok][Add] - CesConstraint,LayerClearRule:4,(218-4-42),RESISTOR_TO_VIA,(288-226-22)
[Ok][Add] - CesConstraint,LayerClearRule:6,(218-5-42),RESISTOR_TO_VIA,(288-227-22)
[Ok][Add] - CesConstraint,LayerClearRule:6,(218-6-42),RESISTOR_TO_VIA,(288-228-22)
[Ok][Add] - CesConstraint,LayerClearRule:8,(226-1-42),RESISTOR_TO_VIA,(288-229-22)
[Ok][Add] - CesConstraint,LayerClearRule:8,(226-2-42),RESISTOR_TO_VIA,(288-230-22)
[Ok][Add] - CesConstraint,LayerClearRule:10,(226-3-42),RESISTOR_TO_VIA,(288-231-22)
[Ok][Add] - CesConstraint,LayerClearRule:10,(226-4-42),RESISTOR_TO_VIA,(288-232-22)
[Ok][Add] - CesConstraint,LayerClearRule:12,(218-7-42),RESISTOR_TO_VIA,(288-233-22)
[Ok][Add] - CesConstraint,LayerClearRule:12,(218-8-42),RESISTOR_TO_VIA,(288-234-22)
[Ok][Add] - CesConstraint,(Default Rule),(2-3-41),RESISTOR_TO_RESISTOR,(288-235-22)
[Ok][Add] - CesConstraint,(Default Rule),(2-4-41),RESISTOR_TO_RESISTOR,(288-236-22)
[Ok][Add] - CesConstraint,LayerClearRule:2,(218-1-42),RESISTOR_TO_RESISTOR,(288-237-22)
[Ok][Add] - CesConstraint,LayerClearRule:2,(218-2-42),RESISTOR_TO_RESISTOR,(288-238-22)
[Ok][Add] - CesConstraint,LayerClearRule:4,(218-3-42),RESISTOR_TO_RESISTOR,(288-239-22)
[Ok][Add] - CesConstraint,LayerClearRule:4,(218-4-42),RESISTOR_TO_RESISTOR,(288-240-22)
[Ok][Add] - CesConstraint,LayerClearRule:6,(218-5-42),RESISTOR_TO_RESISTOR,(288-241-22)
[Ok][Add] - CesConstraint,LayerClearRule:6,(218-6-42),RESISTOR_TO_RESISTOR,(288-242-22)
[Ok][Add] - CesConstraint,LayerClearRule:8,(226-1-42),RESISTOR_TO_RESISTOR,(288-243-22)
[Ok][Add] - CesConstraint,LayerClearRule:8,(226-2-42),RESISTOR_TO_RESISTOR,(288-244-22)
[Ok][Add] - CesConstraint,LayerClearRule:10,(226-3-42),RESISTOR_TO_RESISTOR,(288-245-22)
[Ok][Add] - CesConstraint,LayerClearRule:10,(226-4-42),RESISTOR_TO_RESISTOR,(288-246-22)
[Ok][Add] - CesConstraint,LayerClearRule:12,(218-7-42),RESISTOR_TO_RESISTOR,(288-247-22)
[Ok][Add] - CesConstraint,LayerClearRule:12,(218-8-42),RESISTOR_TO_RESISTOR,(288-248-22)
[Ok][Add] - CesConstraint,(Default Rule),(2-3-41),MASK_TO_TRACE,(288-249-22)
[Ok][Add] - CesConstraint,(Default Rule),(2-4-41),MASK_TO_TRACE,(288-250-22)
[Ok][Add] - CesConstraint,LayerClearRule:2,(218-1-42),MASK_TO_TRACE,(288-251-22)
[Ok][Add] - CesConstraint,LayerClearRule:2,(218-2-42),MASK_TO_TRACE,(288-252-22)
[Ok][Add] - CesConstraint,LayerClearRule:4,(218-3-42),MASK_TO_TRACE,(288-253-22)
[Ok][Add] - CesConstraint,LayerClearRule:4,(218-4-42),MASK_TO_TRACE,(288-254-22)
[Ok][Add] - CesConstraint,LayerClearRule:6,(218-5-42),MASK_TO_TRACE,(288-255-22)
[Ok][Add] - CesConstraint,LayerClearRule:6,(218-6-42),MASK_TO_TRACE,(288-256-22)
[Ok][Add] - CesConstraint,LayerClearRule:8,(226-1-42),MASK_TO_TRACE,(288-257-22)
[Ok][Add] - CesConstraint,LayerClearRule:8,(226-2-42),MASK_TO_TRACE,(288-258-22)
[Ok][Add] - CesConstraint,LayerClearRule:10,(226-3-42),MASK_TO_TRACE,(288-259-22)
[Ok][Add] - CesConstraint,LayerClearRule:10,(226-4-42),MASK_TO_TRACE,(288-260-22)
[Ok][Add] - CesConstraint,CesLayerRule,(275-25-40),ROUTE,(288-5-22)
[Ok][Add] - CesConstraint,LayerClearRule:12,(218-7-42),MASK_TO_TRACE,(288-261-22)
[Ok][Add] - CesConstraint,CesLayerRule,(275-31-40),ROUTE,(288-6-22)
[Ok][Add] - CesConstraint,LayerClearRule:12,(218-8-42),MASK_TO_TRACE,(288-262-22)
[Ok][Add] - CesConstraint,CesLayerRule,(275-28-40),ROUTE,(288-7-22)
[Ok][Add] - CesConstraint,(Default Rule),(2-3-41),MASK_TO_PAD,(288-263-22)
[Ok][Add] - CesConstraint,CesLayerRule,(275-34-40),ROUTE,(288-8-22)
[Ok][Add] - CesConstraint,(Default Rule),(2-4-41),MASK_TO_PAD,(288-264-22)
[Ok][Add] - CesConstraint,LayerClearRule:2,(218-1-42),MASK_TO_PAD,(288-265-22)
[Ok][Add] - CesConstraint,LayerClearRule:2,(218-2-42),MASK_TO_PAD,(288-266-22)
[Ok][Add] - CesConstraint,LayerClearRule:4,(218-3-42),MASK_TO_PAD,(288-267-22)
[Ok][Add] - CesConstraint,LayerClearRule:4,(218-4-42),MASK_TO_PAD,(288-268-22)
[Ok][Add] - CesConstraint,LayerClearRule:6,(218-5-42),MASK_TO_PAD,(288-269-22)
[Ok][Add] - CesConstraint,LayerClearRule:6,(218-6-42),MASK_TO_PAD,(288-270-22)
[Ok][Add] - CesConstraint,LayerClearRule:8,(226-1-42),MASK_TO_PAD,(288-271-22)
[Ok][Add] - CesConstraint,LayerClearRule:8,(226-2-42),MASK_TO_PAD,(288-272-22)
[Ok][Add] - CesConstraint,LayerClearRule:10,(226-3-42),MASK_TO_PAD,(288-273-22)
[Ok][Add] - CesConstraint,LayerClearRule:10,(226-4-42),MASK_TO_PAD,(288-274-22)
[Ok][Add] - CesConstraint,LayerClearRule:12,(218-7-42),MASK_TO_PAD,(288-275-22)
[Ok][Add] - CesConstraint,LayerClearRule:12,(218-8-42),MASK_TO_PAD,(288-276-22)
[Ok][Add] - CesConstraint,(Default Rule),(2-3-41),MASK_TO_VIA,(288-277-22)
[Ok][Add] - CesConstraint,(Default Rule),(2-4-41),MASK_TO_VIA,(288-278-22)
[Ok][Add] - CesConstraint,LayerClearRule:2,(218-1-42),MASK_TO_VIA,(288-279-22)
[Ok][Add] - CesConstraint,LayerClearRule:2,(218-2-42),MASK_TO_VIA,(288-280-22)
[Ok][Add] - CesConstraint,(Default Rule),(2-3-41),TRACE_TO_TRACE,(288-25-22)
[Ok][Add] - CesConstraint,LayerClearRule:4,(218-3-42),MASK_TO_VIA,(288-281-22)
[Ok][Add] - CesConstraint,(Default Rule),(2-4-41),TRACE_TO_TRACE,(288-26-22)
[Ok][Add] - CesConstraint,LayerClearRule:4,(218-4-42),MASK_TO_VIA,(288-282-22)
[Ok][Add] - CesConstraint,LayerClearRule:2,(218-1-42),TRACE_TO_TRACE,(288-27-22)
[Ok][Add] - CesConstraint,LayerClearRule:6,(218-5-42),MASK_TO_VIA,(288-283-22)
[Ok][Add] - CesConstraint,LayerClearRule:2,(218-2-42),TRACE_TO_TRACE,(288-28-22)
[Ok][Add] - CesConstraint,LayerClearRule:6,(218-6-42),MASK_TO_VIA,(288-284-22)
[Ok][Add] - CesConstraint,LayerClearRule:4,(218-3-42),TRACE_TO_TRACE,(288-29-22)
[Ok][Add] - CesConstraint,LayerClearRule:8,(226-1-42),MASK_TO_VIA,(288-285-22)
[Ok][Add] - CesConstraint,LayerClearRule:4,(218-4-42),TRACE_TO_TRACE,(288-30-22)
[Ok][Add] - CesConstraint,LayerClearRule:8,(226-2-42),MASK_TO_VIA,(288-286-22)
[Ok][Add] - CesConstraint,LayerClearRule:6,(218-5-42),TRACE_TO_TRACE,(288-31-22)
[Ok][Add] - CesConstraint,LayerClearRule:10,(226-3-42),MASK_TO_VIA,(288-287-22)
[Ok][Add] - CesConstraint,LayerClearRule:6,(218-6-42),TRACE_TO_TRACE,(288-32-22)
[Ok][Add] - CesConstraint,LayerClearRule:10,(226-4-42),MASK_TO_VIA,(288-288-22)
[Ok][Add] - CesConstraint,LayerClearRule:8,(226-1-42),TRACE_TO_TRACE,(288-33-22)
[Ok][Add] - CesConstraint,LayerClearRule:12,(218-7-42),MASK_TO_VIA,(288-289-22)
[Ok][Add] - CesConstraint,LayerClearRule:8,(226-2-42),TRACE_TO_TRACE,(288-34-22)
[Ok][Add] - CesConstraint,LayerClearRule:12,(218-8-42),MASK_TO_VIA,(288-290-22)
[Ok][Add] - CesConstraint,LayerClearRule:10,(226-3-42),TRACE_TO_TRACE,(288-35-22)
[Ok][Add] - CesConstraint,(Default Rule),(2-3-41),MASK_TO_RESISTOR,(288-291-22)
[Ok][Add] - CesConstraint,LayerClearRule:10,(226-4-42),TRACE_TO_TRACE,(288-36-22)
[Ok][Add] - CesConstraint,(Default Rule),(2-4-41),MASK_TO_RESISTOR,(288-292-22)
[Ok][Add] - CesConstraint,LayerClearRule:12,(218-7-42),TRACE_TO_TRACE,(288-37-22)
[Ok][Add] - CesConstraint,LayerClearRule:2,(218-1-42),MASK_TO_RESISTOR,(288-293-22)
[Ok][Add] - CesConstraint,LayerClearRule:12,(218-8-42),TRACE_TO_TRACE,(288-38-22)
[Ok][Add] - CesConstraint,LayerClearRule:2,(218-2-42),MASK_TO_RESISTOR,(288-294-22)
[Ok][Add] - CesConstraint,(Default Rule),(2-3-41),TRACE_TO_PAD,(288-39-22)
[Ok][Add] - CesConstraint,LayerClearRule:4,(218-3-42),MASK_TO_RESISTOR,(288-295-22)
[Ok][Add] - CesConstraint,(Default Rule),(2-4-41),TRACE_TO_PAD,(288-40-22)
[Ok][Add] - CesConstraint,LayerClearRule:4,(218-4-42),MASK_TO_RESISTOR,(288-296-22)
[Ok][Add] - CesConstraint,LayerClearRule:2,(218-1-42),TRACE_TO_PAD,(288-41-22)
[Ok][Add] - CesConstraint,LayerClearRule:6,(218-5-42),MASK_TO_RESISTOR,(288-297-22)
[Ok][Add] - CesConstraint,LayerClearRule:2,(218-2-42),TRACE_TO_PAD,(288-42-22)
[Ok][Add] - CesConstraint,LayerClearRule:6,(218-6-42),MASK_TO_RESISTOR,(288-298-22)
[Ok][Add] - CesConstraint,LayerClearRule:4,(218-3-42),TRACE_TO_PAD,(288-43-22)
[Ok][Add] - CesConstraint,LayerClearRule:8,(226-1-42),MASK_TO_RESISTOR,(288-299-22)
[Ok][Add] - CesConstraint,LayerClearRule:4,(218-4-42),TRACE_TO_PAD,(288-44-22)
[Ok][Add] - CesConstraint,LayerClearRule:8,(226-2-42),MASK_TO_RESISTOR,(288-300-22)
[Ok][Add] - CesConstraint,LayerClearRule:6,(218-5-42),TRACE_TO_PAD,(288-45-22)
[Ok][Add] - CesConstraint,LayerClearRule:10,(226-3-42),MASK_TO_RESISTOR,(288-301-22)
[Ok][Add] - CesConstraint,LayerClearRule:6,(218-6-42),TRACE_TO_PAD,(288-46-22)
[Ok][Add] - CesConstraint,LayerClearRule:10,(226-4-42),MASK_TO_RESISTOR,(288-302-22)
[Ok][Add] - CesConstraint,LayerClearRule:8,(226-1-42),TRACE_TO_PAD,(288-47-22)
[Ok][Add] - CesConstraint,LayerClearRule:12,(218-7-42),MASK_TO_RESISTOR,(288-303-22)
[Ok][Add] - CesConstraint,LayerClearRule:8,(226-2-42),TRACE_TO_PAD,(288-48-22)
[Ok][Add] - CesConstraint,LayerClearRule:12,(218-8-42),MASK_TO_RESISTOR,(288-304-22)
[Ok][Add] - CesConstraint,LayerClearRule:10,(226-3-42),TRACE_TO_PAD,(288-49-22)
[Ok][Add] - CesConstraint,LayerClearRule:10,(226-4-42),TRACE_TO_PAD,(288-50-22)
[Ok][Add] - CesConstraint,LayerClearRule:12,(218-7-42),TRACE_TO_PAD,(288-51-22)
[Ok][Add] - CesConstraint,LayerClearRule:12,(218-8-42),TRACE_TO_PAD,(288-52-22)
[Ok][Add] - CesConstraint,(Default Rule),(2-3-41),TRACE_TO_VIA,(288-53-22)
[Ok][Add] - CesConstraint,(Default Rule),(2-4-41),TRACE_TO_VIA,(288-54-22)
[Ok][Add] - CesConstraint,LayerClearRule:2,(218-1-42),TRACE_TO_VIA,(288-55-22)
[Ok][Add] - CesConstraint,LayerClearRule:2,(218-2-42),TRACE_TO_VIA,(288-56-22)
[Ok][Add] - CesConstraint,LayerClearRule:4,(218-3-42),TRACE_TO_VIA,(288-57-22)
[Ok][Add] - CesConstraint,LayerClearRule:4,(218-4-42),TRACE_TO_VIA,(288-58-22)
[Ok][Add] - CesConstraint,LayerClearRule:6,(218-5-42),TRACE_TO_VIA,(288-59-22)
[Ok][Add] - CesConstraint,LayerClearRule:6,(218-6-42),TRACE_TO_VIA,(288-60-22)
[Ok][Add] - CesConstraint,LayerClearRule:8,(226-1-42),TRACE_TO_VIA,(288-61-22)
[Ok][Add] - CesConstraint,LayerClearRule:8,(226-2-42),TRACE_TO_VIA,(288-62-22)
[Ok][Add] - CesConstraint,LayerClearRule:10,(226-3-42),TRACE_TO_VIA,(288-63-22)
[Ok][Add] - CesConstraint,LayerClearRule:10,(226-4-42),TRACE_TO_VIA,(288-64-22)
[Ok][Add] - CesConstraint,LayerClearRule:12,(218-7-42),TRACE_TO_VIA,(288-65-22)
[Ok][Add] - CesConstraint,LayerClearRule:12,(218-8-42),TRACE_TO_VIA,(288-66-22)
[Ok][Add] - CesConstraint,(Default Rule),(2-3-41),TRACE_TO_PLANE,(288-67-22)
[Ok][Add] - CesConstraint,(Default Rule),(2-4-41),TRACE_TO_PLANE,(288-68-22)
[Ok][Add] - CesConstraint,LayerClearRule:2,(218-1-42),TRACE_TO_PLANE,(288-69-22)
[Ok][Add] - CesConstraint,LayerClearRule:2,(218-2-42),TRACE_TO_PLANE,(288-70-22)
[Ok][Add] - CesConstraint,LayerClearRule:4,(218-3-42),TRACE_TO_PLANE,(288-71-22)
[Ok][Add] - CesConstraint,LayerClearRule:4,(218-4-42),TRACE_TO_PLANE,(288-72-22)
[Ok][Add] - CesConstraint,LayerClearRule:6,(218-5-42),TRACE_TO_PLANE,(288-73-22)
[Ok][Add] - CesConstraint,LayerClearRule:6,(218-6-42),TRACE_TO_PLANE,(288-74-22)
[Ok][Add] - CesConstraint,LayerClearRule:8,(226-1-42),TRACE_TO_PLANE,(288-75-22)
[Ok][Add] - CesConstraint,LayerClearRule:8,(226-2-42),TRACE_TO_PLANE,(288-76-22)
[Ok][Add] - CesConstraint,LayerClearRule:10,(226-3-42),TRACE_TO_PLANE,(288-77-22)
[Ok][Add] - CesConstraint,LayerClearRule:10,(226-4-42),TRACE_TO_PLANE,(288-78-22)
[Ok][Add] - CesConstraint,LayerClearRule:12,(218-7-42),TRACE_TO_PLANE,(288-79-22)
[Ok][Add] - CesConstraint,LayerClearRule:12,(218-8-42),TRACE_TO_PLANE,(288-80-22)
[Ok][Add] - CesConstraint,(Default Rule),(2-3-41),SMDPAD_TO_TRACE,(288-81-22)
[Ok][Add] - CesConstraint,(Default Rule),(2-4-41),SMDPAD_TO_TRACE,(288-82-22)
[Ok][Add] - CesConstraint,LayerClearRule:2,(218-1-42),SMDPAD_TO_TRACE,(288-83-22)
[Ok][Add] - CesConstraint,LayerClearRule:2,(218-2-42),SMDPAD_TO_TRACE,(288-84-22)
[Ok][Add] - CesConstraint,LayerClearRule:4,(218-3-42),SMDPAD_TO_TRACE,(288-85-22)
[Ok][Add] - CesConstraint,LayerClearRule:4,(218-4-42),SMDPAD_TO_TRACE,(288-86-22)
[Ok][Add] - CesConstraint,LayerClearRule:6,(218-5-42),SMDPAD_TO_TRACE,(288-87-22)
[Ok][Add] - CesConstraint,LayerClearRule:6,(218-6-42),SMDPAD_TO_TRACE,(288-88-22)
[Ok][Add] - CesConstraint,LayerClearRule:8,(226-1-42),SMDPAD_TO_TRACE,(288-89-22)
[Ok][Add] - CesConstraint,LayerClearRule:8,(226-2-42),SMDPAD_TO_TRACE,(288-90-22)
[Ok][Add] - CesConstraint,LayerClearRule:10,(226-3-42),SMDPAD_TO_TRACE,(288-91-22)
[Ok][Add] - CesConstraint,LayerClearRule:10,(226-4-42),SMDPAD_TO_TRACE,(288-92-22)
[Ok][Add] - CesConstraint,LayerClearRule:12,(218-7-42),SMDPAD_TO_TRACE,(288-93-22)
[Ok][Add] - CesConstraint,LayerClearRule:12,(218-8-42),SMDPAD_TO_TRACE,(288-94-22)
[Ok][Add] - CesConstraint,(Default Rule),(2-3-41),PAD_TO_PAD,(288-95-22)
[Ok][Add] - CesConstraint,(Default Rule),(2-4-41),PAD_TO_PAD,(288-96-22)
[Ok][Add] - CesConstraint,LayerClearRule:2,(218-1-42),PAD_TO_PAD,(288-97-22)
[Ok][Add] - CesConstraint,LayerClearRule:2,(218-2-42),PAD_TO_PAD,(288-98-22)
[Ok][Add] - CesConstraint,LayerClearRule:4,(218-3-42),PAD_TO_PAD,(288-99-22)
[Ok][Add] - CesConstraint,LayerClearRule:4,(218-4-42),PAD_TO_PAD,(288-100-22)
[Ok][Add] - CesConstraint,LayerClearRule:6,(218-5-42),PAD_TO_PAD,(288-101-22)
[Ok][Add] - CesConstraint,LayerClearRule:6,(218-6-42),PAD_TO_PAD,(288-102-22)
[Ok][Add] - CesConstraint,LayerClearRule:8,(226-1-42),PAD_TO_PAD,(288-103-22)
[Ok][Add] - CesConstraint,LayerClearRule:8,(226-2-42),PAD_TO_PAD,(288-104-22)
[Ok][Add] - CesConstraint,LayerClearRule:10,(226-3-42),PAD_TO_PAD,(288-105-22)
[Ok][Add] - CesConstraint,LayerClearRule:10,(226-4-42),PAD_TO_PAD,(288-106-22)
[Ok][Add] - CesConstraint,LayerClearRule:12,(218-7-42),PAD_TO_PAD,(288-107-22)
[Ok][Add] - CesConstraint,LayerClearRule:12,(218-8-42),PAD_TO_PAD,(288-108-22)
[Ok][Add] - CesConstraint,(Default Rule),(2-3-41),PAD_TO_VIA,(288-109-22)
[Ok][Add] - CesConstraint,(Default Rule),(2-4-41),PAD_TO_VIA,(288-110-22)
[Ok][Add] - CesConstraint,LayerClearRule:2,(218-1-42),PAD_TO_VIA,(288-111-22)
[Ok][Add] - CesConstraint,LayerClearRule:2,(218-2-42),PAD_TO_VIA,(288-112-22)
[Ok][Add] - CesConstraint,LayerClearRule:4,(218-3-42),PAD_TO_VIA,(288-113-22)
[Ok][Add] - CesConstraint,LayerClearRule:4,(218-4-42),PAD_TO_VIA,(288-114-22)
[Ok][Add] - CesConstraint,LayerClearRule:6,(218-5-42),PAD_TO_VIA,(288-115-22)
[Ok][Add] - CesConstraint,LayerClearRule:6,(218-6-42),PAD_TO_VIA,(288-116-22)
[Ok][Modify] - CesConstraint,,(275-5-38),MIN_TRACE_WIDTH,(275-129-22)
[Ok][Add] - CesConstraint,LayerClearRule:8,(226-1-42),PAD_TO_VIA,(288-117-22)
[Ok][Modify] - CesConstraint,,(275-5-38),TYP_TRACE_WIDTH,(275-130-22)
[Ok][Add] - CesConstraint,LayerClearRule:8,(226-2-42),PAD_TO_VIA,(288-118-22)
[Ok][Modify] - CesConstraint,,(275-25-40),MIN_TRACE_WIDTH,(275-131-22)
[Ok][Add] - CesConstraint,LayerClearRule:10,(226-3-42),PAD_TO_VIA,(288-119-22)
[Ok][Modify] - CesConstraint,,(275-25-40),TYP_TRACE_WIDTH,(275-132-22)
[Ok][Add] - CesConstraint,LayerClearRule:10,(226-4-42),PAD_TO_VIA,(288-120-22)
[Ok][Modify] - CesConstraint,,(275-25-40),TYP_IMPEDANCE,(275-133-22)
[Ok][Add] - CesConstraint,LayerClearRule:12,(218-7-42),PAD_TO_VIA,(288-121-22)
[Ok][Modify] - CesConstraint,,(275-26-40),MIN_TRACE_WIDTH,(275-134-22)
[Ok][Add] - CesConstraint,LayerClearRule:12,(218-8-42),PAD_TO_VIA,(288-122-22)
[Ok][Modify] - CesConstraint,,(275-26-40),TYP_TRACE_WIDTH,(275-135-22)
[Ok][Add] - CesConstraint,(Default Rule),(2-3-41),PAD_TO_PLANE,(288-123-22)
[Ok][Modify] - CesConstraint,,(275-26-40),TYP_IMPEDANCE,(275-136-22)
[Ok][Add] - CesConstraint,(Default Rule),(2-4-41),PAD_TO_PLANE,(288-124-22)
[Ok][Modify] - CesConstraint,,(275-27-40),MIN_TRACE_WIDTH,(275-137-22)
[Ok][Add] - CesConstraint,LayerClearRule:2,(218-1-42),PAD_TO_PLANE,(288-125-22)
[Ok][Add] - CesConstraint,LayerClearRule:2,(218-2-42),PAD_TO_PLANE,(288-126-22)
[Ok][Modify] - CesConstraint,,(275-27-40),TYP_TRACE_WIDTH,(275-139-22)
[Ok][Add] - CesConstraint,LayerClearRule:4,(218-3-42),PAD_TO_PLANE,(288-127-22)
[Ok][Modify] - CesConstraint,,(275-27-40),TYP_IMPEDANCE,(275-140-22)
[Ok][Add] - CesConstraint,LayerClearRule:4,(218-4-42),PAD_TO_PLANE,(288-128-22)
[Ok][Modify] - CesConstraint,,(275-29-40),MIN_TRACE_WIDTH,(275-141-22)
[Ok][Add] - CesConstraint,LayerClearRule:6,(218-5-42),PAD_TO_PLANE,(288-129-22)
[Ok][Add] - CesConstraint,LayerClearRule:6,(218-6-42),PAD_TO_PLANE,(288-130-22)
[Ok][Modify] - CesConstraint,,(275-29-40),TYP_TRACE_WIDTH,(275-143-22)
[Ok][Add] - CesConstraint,LayerClearRule:8,(226-1-42),PAD_TO_PLANE,(288-131-22)
[Ok][Modify] - CesConstraint,,(275-29-40),TYP_IMPEDANCE,(275-144-22)
[Ok][Add] - CesConstraint,LayerClearRule:8,(226-2-42),PAD_TO_PLANE,(288-132-22)
[Ok][Modify] - CesConstraint,,(275-30-40),MIN_TRACE_WIDTH,(275-145-22)
[Ok][Add] - CesConstraint,LayerClearRule:10,(226-3-42),PAD_TO_PLANE,(288-133-22)
[Ok][Modify] - CesConstraint,,(275-30-40),TYP_TRACE_WIDTH,(275-146-22)
[Ok][Add] - CesConstraint,LayerClearRule:10,(226-4-42),PAD_TO_PLANE,(288-134-22)
[Ok][Modify] - CesConstraint,,(275-30-40),TYP_IMPEDANCE,(275-147-22)
[Ok][Add] - CesConstraint,LayerClearRule:12,(218-7-42),PAD_TO_PLANE,(288-135-22)
[Ok][Modify] - CesConstraint,,(275-28-40),MIN_TRACE_WIDTH,(275-148-22)
[Ok][Add] - CesConstraint,LayerClearRule:12,(218-8-42),PAD_TO_PLANE,(288-136-22)
[Ok][Modify] - CesConstraint,,(275-28-40),TYP_TRACE_WIDTH,(275-149-22)
[Ok][Add] - CesConstraint,(Default Rule),(2-3-41),VIA_TO_VIA,(288-137-22)
[Ok][Modify] - CesConstraint,,(275-28-40),TYP_IMPEDANCE,(275-150-22)
[Ok][Add] - CesConstraint,(Default Rule),(2-4-41),VIA_TO_VIA,(288-138-22)
[Ok][Modify] - CesConstraint,,(275-6-38),MIN_TRACE_WIDTH,(275-151-22)
[Ok][Add] - CesConstraint,LayerClearRule:2,(218-1-42),VIA_TO_VIA,(288-139-22)
[Ok][Modify] - CesConstraint,,(275-6-38),TYP_TRACE_WIDTH,(275-152-22)
[Ok][Add] - CesConstraint,LayerClearRule:2,(218-2-42),VIA_TO_VIA,(288-140-22)
[Ok][Modify] - CesConstraint,,(275-31-40),MIN_TRACE_WIDTH,(275-153-22)
[Ok][Add] - CesConstraint,LayerClearRule:4,(218-3-42),VIA_TO_VIA,(288-141-22)
[Ok][Modify] - CesConstraint,,(275-31-40),TYP_TRACE_WIDTH,(275-154-22)
[Ok][Add] - CesConstraint,LayerClearRule:4,(218-4-42),VIA_TO_VIA,(288-142-22)
[Ok][Modify] - CesConstraint,,(275-31-40),TYP_IMPEDANCE,(275-155-22)
[Ok][Add] - CesConstraint,LayerClearRule:6,(218-5-42),VIA_TO_VIA,(288-143-22)
[Ok][Modify] - CesConstraint,,(275-32-40),MIN_TRACE_WIDTH,(275-156-22)
[Ok][Add] - CesConstraint,LayerClearRule:6,(218-6-42),VIA_TO_VIA,(288-144-22)
[Ok][Modify] - CesConstraint,,(275-32-40),TYP_TRACE_WIDTH,(275-157-22)
[Ok][Add] - CesConstraint,LayerClearRule:8,(226-1-42),VIA_TO_VIA,(288-145-22)
[Ok][Modify] - CesConstraint,,(275-32-40),TYP_IMPEDANCE,(275-158-22)
[Ok][Add] - CesConstraint,LayerClearRule:8,(226-2-42),VIA_TO_VIA,(288-146-22)
[Ok][Modify] - CesConstraint,,(275-33-40),MIN_TRACE_WIDTH,(275-159-22)
[Ok][Add] - CesConstraint,LayerClearRule:10,(226-3-42),VIA_TO_VIA,(288-147-22)
[Ok][Add] - CesConstraint,LayerClearRule:10,(226-4-42),VIA_TO_VIA,(288-148-22)
[Ok][Modify] - CesConstraint,,(275-33-40),TYP_TRACE_WIDTH,(275-161-22)
[Ok][Add] - CesConstraint,LayerClearRule:12,(218-7-42),VIA_TO_VIA,(288-149-22)
[Ok][Modify] - CesConstraint,,(275-33-40),TYP_IMPEDANCE,(275-162-22)
[Ok][Add] - CesConstraint,LayerClearRule:12,(218-8-42),VIA_TO_VIA,(288-150-22)
[Ok][Modify] - CesConstraint,,(275-35-40),MIN_TRACE_WIDTH,(275-163-22)
[Ok][Add] - CesConstraint,(Default Rule),(2-3-41),VIA_TO_PLANE,(288-151-22)
[Ok][Add] - CesConstraint,(Default Rule),(2-4-41),VIA_TO_PLANE,(288-152-22)
[Ok][Modify] - CesConstraint,,(275-35-40),TYP_TRACE_WIDTH,(275-165-22)
[Ok][Add] - CesConstraint,LayerClearRule:2,(218-1-42),VIA_TO_PLANE,(288-153-22)
[Ok][Modify] - CesConstraint,,(275-35-40),TYP_IMPEDANCE,(275-166-22)
[Ok][Add] - CesConstraint,LayerClearRule:2,(218-2-42),VIA_TO_PLANE,(288-154-22)
[Ok][Modify] - CesConstraint,,(275-36-40),MIN_TRACE_WIDTH,(275-167-22)
[Ok][Add] - CesConstraint,LayerClearRule:4,(218-3-42),VIA_TO_PLANE,(288-155-22)
[Ok][Modify] - CesConstraint,,(275-36-40),TYP_TRACE_WIDTH,(275-168-22)
[Ok][Add] - CesConstraint,LayerClearRule:4,(218-4-42),VIA_TO_PLANE,(288-156-22)
[Ok][Modify] - CesConstraint,,(275-36-40),TYP_IMPEDANCE,(275-169-22)
[Ok][Add] - CesConstraint,LayerClearRule:6,(218-5-42),VIA_TO_PLANE,(288-157-22)
[Ok][Modify] - CesConstraint,,(275-34-40),MIN_TRACE_WIDTH,(275-170-22)
[Ok][Add] - CesConstraint,LayerClearRule:6,(218-6-42),VIA_TO_PLANE,(288-158-22)
[Ok][Modify] - CesConstraint,,(275-34-40),TYP_TRACE_WIDTH,(275-171-22)
[Ok][Add] - CesConstraint,LayerClearRule:8,(226-1-42),VIA_TO_PLANE,(288-159-22)
[Ok][Modify] - CesConstraint,,(275-34-40),TYP_IMPEDANCE,(275-172-22)
[Ok][Add] - CesConstraint,LayerClearRule:8,(226-2-42),VIA_TO_PLANE,(288-160-22)
[Ok][Add] - CesConstraint,LayerClearRule:10,(226-3-42),VIA_TO_PLANE,(288-161-22)
[Ok][Add] - CesConstraint,LayerClearRule:10,(226-4-42),VIA_TO_PLANE,(288-162-22)
[Ok][Add] - CesConstraint,LayerClearRule:12,(218-7-42),VIA_TO_PLANE,(288-163-22)
[Ok][Add] - CesConstraint,LayerClearRule:12,(218-8-42),VIA_TO_PLANE,(288-164-22)
[Ok][Add] - CesConstraint,(Default Rule),(2-3-41),SMDPAD_TO_VIA,(288-165-22)
[Ok][Add] - CesConstraint,(Default Rule),(2-4-41),SMDPAD_TO_VIA,(288-166-22)
[Ok][Add] - CesConstraint,LayerClearRule:2,(218-1-42),SMDPAD_TO_VIA,(288-167-22)
[Ok][Add] - CesConstraint,LayerClearRule:2,(218-2-42),SMDPAD_TO_VIA,(288-168-22)
[Ok][Add] - CesConstraint,LayerClearRule:4,(218-3-42),SMDPAD_TO_VIA,(288-169-22)
[Ok][Add] - CesConstraint,LayerClearRule:4,(218-4-42),SMDPAD_TO_VIA,(288-170-22)
[Ok][Add] - CesConstraint,LayerClearRule:6,(218-5-42),SMDPAD_TO_VIA,(288-171-22)
[Ok][Add] - CesConstraint,LayerClearRule:6,(218-6-42),SMDPAD_TO_VIA,(288-172-22)
[Ok][Add] - CesConstraint,LayerClearRule:8,(226-1-42),SMDPAD_TO_VIA,(288-173-22)
[Ok][Add] - CesConstraint,LayerClearRule:8,(226-2-42),SMDPAD_TO_VIA,(288-174-22)
[Ok][Add] - CesConstraint,LayerClearRule:10,(226-3-42),SMDPAD_TO_VIA,(288-175-22)
[Ok][Add] - CesConstraint,LayerClearRule:10,(226-4-42),SMDPAD_TO_VIA,(288-176-22)
[Ok][Add] - CesConstraint,LayerClearRule:12,(218-7-42),SMDPAD_TO_VIA,(288-177-22)
[Ok][Add] - CesConstraint,LayerClearRule:12,(218-8-42),SMDPAD_TO_VIA,(288-178-22)
[Ok][Add] - CesConstraint,(Default Rule),(2-3-41),PLANE_TO_PLANE,(288-179-22)
[Ok][Add] - CesConstraint,(Default Rule),(2-4-41),PLANE_TO_PLANE,(288-180-22)
[Ok][Add] - CesConstraint,LayerClearRule:2,(218-1-42),PLANE_TO_PLANE,(288-181-22)
[Ok][Add] - CesConstraint,LayerClearRule:2,(218-2-42),PLANE_TO_PLANE,(288-182-22)
[Ok][Add] - CesConstraint,LayerClearRule:4,(218-3-42),PLANE_TO_PLANE,(288-183-22)
[Ok][Add] - CesConstraint,LayerClearRule:4,(218-4-42),PLANE_TO_PLANE,(288-184-22)
[Ok][Add] - CesConstraint,LayerClearRule:6,(218-5-42),PLANE_TO_PLANE,(288-185-22)
[Ok][Add] - CesConstraint,LayerClearRule:6,(218-6-42),PLANE_TO_PLANE,(288-186-22)
[Ok][Add] - CesConstraint,LayerClearRule:8,(226-1-42),PLANE_TO_PLANE,(288-187-22)
[Ok][Add] - CesConstraint,LayerClearRule:8,(226-2-42),PLANE_TO_PLANE,(288-188-22)
[Ok][Add] - CesConstraint,LayerClearRule:10,(226-3-42),PLANE_TO_PLANE,(288-189-22)
[Ok][Add] - CesConstraint,LayerClearRule:10,(226-4-42),PLANE_TO_PLANE,(288-190-22)
[Ok][Add] - CesConstraint,LayerClearRule:12,(218-7-42),PLANE_TO_PLANE,(288-191-22)
[Ok][Add] - CesConstraint,LayerClearRule:12,(218-8-42),PLANE_TO_PLANE,(288-192-22)
[Ok][Add] - CesConstraint,(Default Rule),(2-3-41),RESISTOR_TO_TRACE,(288-193-22)
[Ok][Add] - CesConstraint,(Default Rule),(2-4-41),RESISTOR_TO_TRACE,(288-194-22)
[Ok][Add] - CesConstraint,LayerClearRule:2,(218-1-42),RESISTOR_TO_TRACE,(288-195-22)
[Ok][Add] - CesConstraint,LayerClearRule:2,(218-2-42),RESISTOR_TO_TRACE,(288-196-22)
[Ok][Add] - CesConstraint,LayerClearRule:4,(218-3-42),RESISTOR_TO_TRACE,(288-197-22)
[Ok][Modify] - CesConstraint,,(218-6-23),PLANE_NETS,(228-2-22)
[Ok][Add] - CesConstraint,LayerClearRule:4,(218-4-42),RESISTOR_TO_TRACE,(288-198-22)
[Ok][Modify] - CesConstraint,,(218-6-23),PNET_CLEARANCES,(228-3-22)
[Ok][Add] - CesConstraint,LayerClearRule:6,(218-5-42),RESISTOR_TO_TRACE,(288-199-22)
[Ok][Modify] - CesConstraint,,(218-6-23),PNET_UBORDERS,(228-4-22)
[Ok][Add] - CesConstraint,LayerClearRule:6,(218-6-42),RESISTOR_TO_TRACE,(288-200-22)
[Ok][Modify] - CesConstraint,,(226-1-23),PLANE_NETS,(228-5-22)
[Ok][Add] - CesConstraint,LayerClearRule:8,(226-1-42),RESISTOR_TO_TRACE,(288-201-22)
--------------------------------------------------------------------------------
 CES synchronization - END (2008-01-22 10:19:06) 
--------------------------------------------------------------------------------
--------------------------------------------------------------------------------
 Project integration - END (2008-01-22 10:19:06) 
--------------------------------------------------------------------------------
