Viewgen - V3.6.2; DxDesigner 2005.0 (05Jul05)
c Copyright 1985,2005 by Mentor Graphics Corporation.

Running Viewgen with Command Line Inputs: 
viewgen.exe ram_ctl ram_ctl -makesym -noschem -sympinspc 20 -sympinlth 20 -pinlblsize 10 -symatt level=std parts=1 pkg_type=84plcc 

Schematic Generation Started : 26 Aug 05 10:24 
[I] Initializing Library...
[I] Graphical Libraries Initialized. 
[I] Library Initialization Complete.
[I] Reading Netlist: ram_ctl 
[I] Loading Netlist using version: 6.1 
[I] Netlist Read Complete
[I] Searching Nets for net alias 
[I] Searching for Netlist Symbol Pins for I/O....
[I] Searching for labeled nets for I/O...
[I] Searching for input and output connected nets for I/O
Bus net is define IO 
Bus net is define IO 
Bus net is define IO 
Bus net is define IO 
Bus net is define IO 
Bus net is define IO 
Bus net is define IO 
Bus net is define IO 
Bus net is define IO 
Bus net is define IO 
Bus net is define IO 
Bus net is define IO 
Bus net is define IO 
Bus net is define IO 
Bus net is define IO 
Bus net is define IO 
Bus net is define IO 
Bus net is define IO 
Bus net is define IO 
Bus net is define IO 
Bus net is define IO 
Bus net is define IO 
Bus net is define IO 
Bus net is define IO 
Bus net is define IO 
Bus net is define IO 
Bus net is define IO 
Bus net is define IO 
Bus net is define IO 
Bus net is define IO 
Bus net is define IO 
Bus net is define IO 
Bus net is define IO 
Bus net is define IO 
Bus net is define IO 
Bus net is define IO 
Bus net is define IO 
Bus net is define IO 
Bus net is define IO 
Bus net is define IO 
Bus net is define IO 
Bus net is define IO 
Bus net is define IO 
Bus net is define IO 
Bus net is define IO 
Bus net is define IO 
Bus net is define IO 
Bus net is define IO 
Bus net is define IO 
Bus net is define IO 
Bus net is define IO 
Bus net is define IO 
Bus net is define IO 
Bus net is define IO 
Bus net is define IO 
Bus net is define IO 
Bus net is define IO 
Bus net is define IO 
Bus net is define IO 
Bus net is define IO 
Bus net is define IO 
Bus net is define IO 
Bus net is define IO 
Bus net is define IO 
Bus net is define IO 
Bus net is define IO 
Bus net is define IO 
Bus net is define IO 
Bus net is define IO 
Bus net is define IO 
Bus net is define IO 
Bus net is define IO 
Bus net is define IO 
Bus net is define IO 
Bus net is define IO 
Bus net is define IO 
Bus net is define IO 
Bus net is define IO 
Bus net is define IO 
Bus net is define IO 
Bus net is define IO 
Bus net is define IO 
Bus net is define IO 
Bus net is define IO 
Bus net is define IO 
Bus net is define IO 
Bus net is define IO 
Bus net is define IO 
Bus net is define IO 
Bus net is define IO 
Bus net is define IO 
Bus net is define IO 
Bus net is define IO 
Bus net is define IO 
Bus net is define IO 
Bus net is define IO 
Bus net is define IO 
Bus net is define IO 
Bus net is define IO 
Bus net is define IO 
Bus net is define IO 
Bus net is define IO 
Bus net is define IO 
Bus net is define IO 
Bus net is define IO 
Bus net is define IO 
Bus net is define IO 
Bus net is define IO 
Bus net is define IO 
Bus net is define IO 
Bus net is define IO 
Bus net is define IO 
Bus net is define IO 
Bus net is define IO 
Bus net is define IO 
Bus net is define IO 
Bus net is define IO 
Bus net is define IO 
Bus net is define IO 
Bus net is define IO 
Bus net is define IO 
Bus net is define IO 
Bus net is define IO 
Bus net is define IO 
Bus net is define IO 
Bus net is define IO 
Bus net is define IO 
Bus net is define IO 
Bus net is define IO 
Bus net is define IO 
Bus net is define IO 
Bus net is define IO 
Bus net is define IO 
Bus net is define IO 
Bus net is define IO 
Bus net is define IO 
Bus net is define IO 
Bus net is define IO 
Bus net is define IO 
Bus net is define IO 
Bus net is define IO 
Bus net is define IO 
Bus net is define IO 
Bus net is define IO 
Bus net is define IO 
Bus net is define IO 
Bus net is define IO 
Bus net is define IO 
Bus net is define IO 
Bus net is define IO 
Bus net is define IO 
Bus net is define IO 
Bus net is define IO 
Bus net is define IO 
Bus net is define IO 
Bus net is define IO 
Bus net is define IO 
Bus net is define IO 
Bus net is define IO 
Bus net is define IO 
Bus net is define IO 
Bus net is define IO 
Bus net is define IO 
Bus net is define IO 
Bus net is define IO 
Bus net is define IO 
Bus net is define IO 
Bus net is define IO 
Bus net is define IO 
Bus net is define IO 
Bus net is define IO 
Bus net is define IO 
Bus net is define IO 
Bus net is define IO 
Bus net is define IO 
Bus net is define IO 
Bus net is define IO 
Bus net is define IO 
Bus net is define IO 
Bus net is define IO 
Bus net is define IO 
Bus net is define IO 
Bus net is define IO 
Bus net is define IO 
Bus net is define IO 
Bus net is define IO 
Bus net is define IO 
Bus net is define IO 
Bus net is define IO 
Bus net is define IO 
Bus net is define IO 
Bus net is define IO 
Bus net is define IO 
Bus net is define IO 
Bus net is define IO 
Bus net is define IO 
Bus net is define IO 
Bus net is define IO 
Bus net is define IO 
Bus net is define IO 
Bus net is define IO 
Bus net is define IO 
Bus net is define IO 
Bus net is define IO 
Bus net is define IO 
Bus net is define IO 
Bus net is define IO 
Bus net is define IO 
Bus net is define IO 
Bus net is define IO 
Bus net is define IO 
Bus net is define IO 
Bus net is define IO 
Bus net is define IO 
Bus net is define IO 
Bus net is define IO 
Bus net is define IO 
Bus net is define IO 
Bus net is define IO 
Bus net is define IO 
Bus net is define IO 
Bus net is define IO 
Bus net is define IO 
Bus net is define IO 
Bus net is define IO 
Bus net is define IO 
Bus net is define IO 
Bus net is define IO 
Bus net is define IO 
Bus net is define IO 
Bus net is define IO 
Bus net is define IO 
Bus net is define IO 
Bus net is define IO 
Bus net is define IO 
Bus net is define IO 
Bus net is define IO 
Bus net is define IO 
Bus net is define IO 
Bus net is define IO 
Bus net is define IO 
Bus net is define IO 
Bus net is define IO 
Bus net is define IO 
Bus net is define IO 
Bus net is define IO 
Bus net is define IO 
Bus net is define IO 
Bus net is define IO 
Bus net is define IO 
Bus net is define IO 
Bus net is define IO 
Bus net is define IO 
Bus net is define IO 
Bus net is define IO 
Bus net is define IO 
Bus net is define IO 
Bus net is define IO 
Bus net is define IO 
Bus net is define IO 
Bus net is define IO 
Bus net is define IO 
Bus net is define IO 
Bus net is define IO 
Bus net is define IO 
Bus net is define IO 
Bus net is define IO 
Bus net is define IO 
Bus net is define IO 
Bus net is define IO 
Bus net is define IO 
Bus net is define IO 
Bus net is define IO 
Bus net is define IO 
Bus net is define IO 
Bus net is define IO 
Bus net is define IO 
Bus net is define IO 
Bus net is define IO 
Bus net is define IO 
Bus net is define IO 
Bus net is define IO 
Bus net is define IO 
Bus net is define IO 
Bus net is define IO 
Bus net is define IO 
Bus net is define IO 
Bus net is define IO 
Bus net is define IO 
Bus net is define IO 
Bus net is define IO 
Bus net is define IO 
Bus net is define IO 
Bus net is define IO 
Bus net is define IO 
Bus net is define IO 
Bus net is define IO 
Bus net is define IO 
Bus net is define IO 
Bus net is define IO 
Bus net is define IO 
Bus net is define IO 
Bus net is define IO 
Bus net is define IO 
Bus net is define IO 
Bus net is define IO 
Bus net is define IO 
Bus net is define IO 
Bus net is define IO 
Bus net is define IO 
Bus net is define IO 
Bus net is define IO 
Bus net is define IO 
Bus net is define IO 
Bus net is define IO 
Bus net is define IO 
Bus net is define IO 
Bus net is define IO 
Bus net is define IO 
Bus net is define IO 
Bus net is define IO 
Bus net is define IO 
Bus net is define IO 
Bus net is define IO 
Bus net is define IO 
Bus net is define IO 
Bus net is define IO 
Bus net is define IO 
Bus net is define IO 
Bus net is define IO 
Bus net is define IO 
Bus net is define IO 
Bus net is define IO 
Bus net is define IO 
Bus net is define IO 
Bus net is define IO 
Bus net is define IO 
Bus net is define IO 
Bus net is define IO 
Bus net is define IO 
Bus net is define IO 
Bus net is define IO 
Bus net is define IO 
Bus net is define IO 
Bus net is define IO 
Bus net is define IO 
Bus net is define IO 
Bus net is define IO 
Bus net is define IO 
Bus net is define IO 
Bus net is define IO 
Bus net is define IO 
Bus net is define IO 
Bus net is define IO 
Bus net is define IO 
Bus net is define IO 
Bus net is define IO 
Bus net is define IO 
Bus net is define IO 
Bus net is define IO 
Bus net is define IO 
Bus net is define IO 
Bus net is define IO 
Bus net is define IO 
Bus net is define IO 
Bus net is define IO 
Bus net is define IO 
Bus net is define IO 
Bus net is define IO 
Bus net is define IO 
Bus net is define IO 
Bus net is define IO 
Bus net is define IO 
Bus net is define IO 
Bus net is define IO 
Bus net is define IO 
Bus net is define IO 
Bus net is define IO 
Bus net is define IO 
Bus net is define IO 
Bus net is define IO 
[I] Using input and output connected nets for I/O
[I] Creating Symbols...
[I] Creating Pinorder file for symbol ram_ctl

[I] Created   1 Symbol(s) 
[I] Creating Schematics...

[I] Created   1 Symbols and   0 Schematic sheet(s) 
[I] Schematic Generation Complete 