


	DXLIB2LMC  -  Add DX Symbol Information to LMC. Version 16.4.0.0
	(c) Copyright Mentor Graphics Corporation 2005.
	All Rights Reserved.

Processing dx_ok_dgtl_clk
	Adding symbol 8_bit 
DXLIB2LMC utility complete



	DXLIB2LMC  -  Add DX Symbol Information to LMC. Version 16.4.0.0
	(c) Copyright Mentor Graphics Corporation 2005.
	All Rights Reserved.

Processing dx_ok_dgtl_clk
	Adding symbol display 
DXLIB2LMC utility complete



	DXLIB2LMC  -  Add DX Symbol Information to LMC. Version 16.4.0.0
	(c) Copyright Mentor Graphics Corporation 2005.
	All Rights Reserved.

Processing dx_ok_dgtl_clk
	Adding symbol dspl_drv 
DXLIB2LMC utility complete



	DXLIB2LMC  -  Add DX Symbol Information to LMC. Version 16.4.0.0
	(c) Copyright Mentor Graphics Corporation 2005.
	All Rights Reserved.

Processing dx_ok_dgtl_clk
	Adding symbol hrs_cntr 
DXLIB2LMC utility complete



	DXLIB2LMC  -  Add DX Symbol Information to LMC. Version 16.4.0.0
	(c) Copyright Mentor Graphics Corporation 2005.
	All Rights Reserved.

Processing dx_ok_dgtl_clk
	Adding symbol min_cntr 
DXLIB2LMC utility complete



	DXLIB2LMC  -  Add DX Symbol Information to LMC. Version 16.4.0.0
	(c) Copyright Mentor Graphics Corporation 2005.
	All Rights Reserved.

Processing dx_ok_dgtl_clk
	Adding symbol mod_59 
DXLIB2LMC utility complete



	DXLIB2LMC  -  Add DX Symbol Information to LMC. Version 16.4.0.0
	(c) Copyright Mentor Graphics Corporation 2005.
	All Rights Reserved.

Processing dx_ok_dgtl_clk
	Adding symbol mod_1224 
DXLIB2LMC utility complete



	DXLIB2LMC  -  Add DX Symbol Information to LMC. Version 16.4.0.0
	(c) Copyright Mentor Graphics Corporation 2005.
	All Rights Reserved.

Processing dx_ok_dgtl_clk
	Adding symbol pls_cntr 
DXLIB2LMC utility complete



	DXLIB2LMC  -  Add DX Symbol Information to LMC. Version 16.4.0.0
	(c) Copyright Mentor Graphics Corporation 2005.
	All Rights Reserved.

Processing dx_ok_dgtl_clk
	Adding symbol sec_cntr 
DXLIB2LMC utility complete
