Fri Jun 17 10:05:39 2011

Project path: C:\MGTraining\projects\DXD\database

Constraints definition "CONS_DEF_LOADER" added.
Loaded cns info: C:\MentorGraphics\7.9.2EE\7.9.2EE\SDD_HOME\standard\ce_ee.cns=7.10.16;C:\MGTraining\common\config\user.cns=7747-7955-dbd5-5030-921e-8fdd-21e8-fd40-09f7-c7c5-4f20-4da8
Before global upgrade from version: 7.7.1 to version: 7.10.16

Constraints definition "DSN_DEF_PROPAGATION_DELAY" added (default value: 165).
Constraints definition "USERDEFINED" added (default value: FALSE).
Constraints definition "DIFF_IMPEDANCE" added.
Constraints definition "POUR_DRAW_STYLE" added (default value: Hatched).
Constraints definition "THERMAL_COND" added.
Constraints definition "PIN_PACKAGE_DELAY" added.
BeforeGlobalUpgrade took 31ms, 0s

Upgrade snapshot DxD
UpgradeSnapshot took 219ms, 0s

After global upgrade
Constraints definition "DP_CDT" default value set to: 635000.
Constraints definition "DP_MDC" default value set to: 2540000.
Constraints definition "DP_MSD" default value set to: 0.
Constraints definition "LOSS_TAN" default value set to: 0.020000000000000.
Constraints definition "TOPO_PIN_GROUP" deleted.
Constraints definition "HLT_CASING_TACT" deleted.
Constraints definition "HLT_JUNCTION_TACT" deleted.
Constraints definition "HLT_CASING_TACT" added.
Constraints definition "HLT_JUNCTION_TACT" added.
AfterGlobalUpgrade took 0ms, 0s

